2025-02-01 22:43:43,689 [INFO] Activator:176 - 


2025-02-01 22:43:43,691 [INFO] Activator:177 - !SESSION log4j initialized
2025-02-01 22:44:06,675 [INFO] LogOutputStream:77 - [STDOUT_REDIRECT] 
2025-02-01 22:44:12,396 [INFO] ApplicationProperties:184 - Using Application install path: C:\ST\STM32CubeIDE_1.13.2\STM32CubeIDE\plugins\com.st.stm32cube.common.mx_6.9.2.202309101412
2025-02-01 22:44:12,459 [INFO] DbMcusXml:78 - Set database path to: C:\ST\STM32CubeIDE_1.13.2\STM32CubeIDE\plugins\com.st.stm32cube.common.mx_6.9.2.202309101412\\db\/mcu/
2025-02-01 22:44:12,461 [INFO] ApiDb:274 - Set plugin database path to: C:\ST\STM32CubeIDE_1.13.2\STM32CubeIDE\plugins\com.st.stm32cube.common.mx_6.9.2.202309101412\\db\/plugins/boardmanager/
2025-02-01 22:44:12,463 [WARN] ApiDb:259 - Overriding images path with different value:  => C:\ST\STM32CubeIDE_1.13.2\STM32CubeIDE\plugins\com.st.stm32cube.common.mx_6.9.2.202309101412\\db\/plugins/mcufinder/images/
2025-02-01 22:44:12,504 [INFO] ApiDb:250 - Set database path to: C:\Users\surface\.stmcufinder\plugins\mcufinder//mcu/
2025-02-01 22:44:12,507 [INFO] DbMcusAds:125 - Set database path to: C:\Users\surface\.stmcufinder\plugins\mcufinder//mcu/
2025-02-01 22:44:12,688 [INFO] CrossReferenceDbSqlite:203 - Set database path to: C:\Users\surface\.stmcufinder\plugins\mcufinder//mcu/cs/
2025-02-01 22:44:13,210 [INFO] RulesReader:64 - Compatibility file has been processed (293 Rules)
2025-02-01 22:44:13,545 [INFO] DbMcusXml:78 - Set database path to: C:\ST\STM32CubeIDE_1.13.2\STM32CubeIDE\plugins\com.st.stm32cube.common.mx_6.9.2.202309101412\\db\/mcu/
2025-02-01 22:44:13,546 [INFO] ApiDb:274 - Set plugin database path to: C:\ST\STM32CubeIDE_1.13.2\STM32CubeIDE\plugins\com.st.stm32cube.common.mx_6.9.2.202309101412\\db\/plugins/boardmanager/
2025-02-01 22:44:13,548 [INFO] ApiDb:261 - Set plugin images path to: C:\ST\STM32CubeIDE_1.13.2\STM32CubeIDE\plugins\com.st.stm32cube.common.mx_6.9.2.202309101412\\db\/plugins/mcufinder/images/
2025-02-01 22:44:13,549 [WARN] DbFile:41 - Overriding database path with different value: C:\Users\surface\.stmcufinder\plugins\mcufinder/ => C:\Users\surface\.stmcufinder\plugins\mcufinder
2025-02-01 22:44:13,550 [INFO] ApiDb:250 - Set database path to: C:\Users\surface\.stmcufinder\plugins\mcufinder//mcu/
2025-02-01 22:44:13,551 [WARN] DbFile:41 - Overriding database path with different value: C:\Users\surface\.stmcufinder\plugins\mcufinder/ => C:\Users\surface\.stmcufinder\plugins\mcufinder
2025-02-01 22:44:13,551 [INFO] DbMcusAds:125 - Set database path to: C:\Users\surface\.stmcufinder\plugins\mcufinder//mcu/
2025-02-01 22:44:13,551 [WARN] DbFile:41 - Overriding database path with different value: C:\Users\surface\.stmcufinder\plugins\mcufinder/ => C:\Users\surface\.stmcufinder\plugins\mcufinder
2025-02-01 22:44:13,551 [WARN] DbFile:41 - Overriding database path with different value: C:\Users\surface\.stmcufinder\plugins\mcufinder/ => C:\Users\surface\.stmcufinder\plugins\mcufinder
2025-02-01 22:44:13,728 [INFO] CrossReferenceDbSqlite:203 - Set database path to: C:\Users\surface\.stmcufinder\plugins\mcufinder//mcu/cs/
2025-02-01 22:44:14,033 [INFO] MainPanel:262 - HeapMemory: 268435456
2025-02-01 22:44:14,354 [INFO] DbMcusXml:78 - Set database path to: C:\ST\STM32CubeIDE_1.13.2\STM32CubeIDE\plugins\com.st.stm32cube.common.mx_6.9.2.202309101412\\db\/mcu/
2025-02-01 22:44:14,356 [INFO] ApiDb:274 - Set plugin database path to: C:\ST\STM32CubeIDE_1.13.2\STM32CubeIDE\plugins\com.st.stm32cube.common.mx_6.9.2.202309101412\\db\/plugins/boardmanager/
2025-02-01 22:44:14,356 [INFO] ApiDb:261 - Set plugin images path to: C:\ST\STM32CubeIDE_1.13.2\STM32CubeIDE\plugins\com.st.stm32cube.common.mx_6.9.2.202309101412\\db\/plugins/mcufinder/images/
2025-02-01 22:44:14,358 [WARN] DbFile:41 - Overriding database path with different value: C:\Users\surface\.stmcufinder\plugins\mcufinder/ => C:\Users\surface\.stmcufinder\plugins\mcufinder
2025-02-01 22:44:14,358 [INFO] ApiDb:250 - Set database path to: C:\Users\surface\.stmcufinder\plugins\mcufinder//mcu/
2025-02-01 22:44:14,359 [WARN] DbFile:41 - Overriding database path with different value: C:\Users\surface\.stmcufinder\plugins\mcufinder/ => C:\Users\surface\.stmcufinder\plugins\mcufinder
2025-02-01 22:44:14,359 [INFO] DbMcusAds:125 - Set database path to: C:\Users\surface\.stmcufinder\plugins\mcufinder//mcu/
2025-02-01 22:44:14,359 [WARN] DbFile:41 - Overriding database path with different value: C:\Users\surface\.stmcufinder\plugins\mcufinder/ => C:\Users\surface\.stmcufinder\plugins\mcufinder
2025-02-01 22:44:14,360 [WARN] DbFile:41 - Overriding database path with different value: C:\Users\surface\.stmcufinder\plugins\mcufinder/ => C:\Users\surface\.stmcufinder\plugins\mcufinder
2025-02-01 22:44:14,605 [INFO] CrossReferenceDbSqlite:203 - Set database path to: C:\Users\surface\.stmcufinder\plugins\mcufinder//mcu/cs/
2025-02-01 22:44:14,675 [INFO] ApplicationProperties:184 - Using Application install path: C:\ST\STM32CubeIDE_1.13.2\STM32CubeIDE\plugins\com.st.stm32cube.common.mx_6.9.2.202309101412
2025-02-01 22:44:14,679 [INFO] PluginManage:196 - Search for loadable plugins [exclusion list=, ]
2025-02-01 22:44:14,686 [INFO] PluginManage:310 - Check plugin analytics
2025-02-01 22:44:15,520 [INFO] AnalyticsPlugin:253 - Accepted Software Licenses: 
2025-02-01 22:44:15,521 [INFO] AnalyticsPlugin:255 - Accepted CMSIS Pack Licenses: 
2025-02-01 22:44:15,522 [INFO] AnalyticsPlugin:257 - Accepted Firmware Licenses: FW.F4.1.27.0
2025-02-01 22:44:15,532 [INFO] PluginManage:359 - Loaded plugin analytics (category:tool,tabindex:-1)
2025-02-01 22:44:15,534 [INFO] PluginManage:310 - Check plugin cadmodel
2025-02-01 22:44:15,572 [INFO] CADModel:105 - Init CAD model plugin
2025-02-01 22:44:15,573 [INFO] PluginManage:359 - Loaded plugin cadmodel (category:power,tabindex:5)
2025-02-01 22:44:15,574 [INFO] PluginManage:310 - Check plugin clock
2025-02-01 22:44:15,639 [INFO] PluginManage:359 - Loaded plugin clock (category:base,tabindex:2)
2025-02-01 22:44:15,640 [INFO] PluginManage:310 - Check plugin ddr
2025-02-01 22:44:15,650 [INFO] PluginManage:359 - Loaded plugin ddr (category:tool,tabindex:6)
2025-02-01 22:44:15,651 [INFO] PluginManage:310 - Check plugin filemanager
2025-02-01 22:44:16,127 [INFO] PluginManage:359 - Loaded plugin filemanager (category:base,tabindex:10)
2025-02-01 22:44:16,128 [INFO] PluginManage:310 - Check plugin ipmanager
2025-02-01 22:44:16,161 [INFO] PluginManage:359 - Loaded plugin ipmanager (category:base,tabindex:5)
2025-02-01 22:44:16,162 [INFO] PluginManage:310 - Check plugin lpbam
2025-02-01 22:44:16,233 [INFO] PluginManage:359 - Loaded plugin lpbam (category:base,tabindex:0)
2025-02-01 22:44:16,234 [INFO] PluginManage:310 - Check plugin memorymap
2025-02-01 22:44:16,331 [INFO] PluginManage:359 - Loaded plugin memorymap (category:base,tabindex:4)
2025-02-01 22:44:16,333 [INFO] PluginManage:310 - Check plugin pinoutandconfiguration
2025-02-01 22:44:16,406 [INFO] PluginManage:359 - Loaded plugin pinoutandconfiguration (category:base,tabindex:1)
2025-02-01 22:44:16,406 [INFO] PluginManage:310 - Check plugin pinoutconfig
2025-02-01 22:44:16,903 [WARN] SupportedApi:132 - Cannot load RTOS API schema: s4s-elt-must-match.1: The content of 'definitions' must match (annotation?, (simpleType | complexType)?, (unique | key | keyref)*)). A problem was found starting at: attribute.
2025-02-01 22:44:17,519 [INFO] PluginManage:359 - Loaded plugin pinoutconfig (category:base,tabindex:0)
2025-02-01 22:44:17,521 [INFO] PluginManage:310 - Check plugin power
2025-02-01 22:44:17,597 [INFO] PluginManage:359 - Loaded plugin power (category:power,tabindex:4)
2025-02-01 22:44:17,598 [INFO] PluginManage:310 - Check plugin projectmanager
2025-02-01 22:44:17,654 [INFO] PluginManage:359 - Loaded plugin projectmanager (category:projectmanager,tabindex:3)
2025-02-01 22:44:17,654 [INFO] PluginManage:310 - Check plugin thirdparty
2025-02-01 22:44:18,649 [WARN] IntegrityCheckThread:84 - waiting for thirdparty lock release [integrity check]
2025-02-01 22:44:18,650 [INFO] PluginManage:359 - Loaded plugin thirdparty (category:base,tabindex:-1)
2025-02-01 22:44:18,650 [INFO] IntegrityCheckThread:86 - entering critical section [integrity check]
2025-02-01 22:44:18,650 [INFO] PluginManage:310 - Check plugin tools
2025-02-01 22:44:18,651 [INFO] ThirdPartyUpdaterWithRetryManager:70 - Updater plugin not ready yet. [1/15]
2025-02-01 22:44:18,789 [INFO] PluginManage:359 - Loaded plugin tools (category:base,tabindex:7)
2025-02-01 22:44:18,790 [INFO] PluginManage:310 - Check plugin tutovideos
2025-02-01 22:44:19,505 [INFO] PluginManage:359 - Loaded plugin tutovideos (category:base,tabindex:-1)
2025-02-01 22:44:19,505 [INFO] PluginManage:310 - Check plugin updater
2025-02-01 22:44:19,542 [INFO] PluginManage:359 - Loaded plugin updater (category:base,tabindex:12)
2025-02-01 22:44:19,543 [INFO] PluginManage:310 - Check plugin userauth
2025-02-01 22:44:19,561 [INFO] UserAuth:113 - Init User Auth plugin
2025-02-01 22:44:19,562 [INFO] PluginManage:359 - Loaded plugin userauth (category:base,tabindex:14)
2025-02-01 22:44:19,565 [INFO] PluginManage:283 - PluginManage : Loaded plugins [17]
2025-02-01 22:44:20,423 [INFO] PinOutPanel:1499 - setPackage(No Configuration,No Configuration)
2025-02-01 22:44:20,852 [INFO] CADModel:165 - CPN selected for project level
2025-02-01 22:44:20,852 [INFO] CADModel:114 - Register for checkConnection events
2025-02-01 22:44:20,955 [INFO] IPUIPlugin:80 - create IPUIPlugin
2025-02-01 22:44:20,956 [INFO] PluginManager:220 - loadIPPluginJar : add adc
2025-02-01 22:44:21,117 [INFO] IPUIPlugin:80 - create IPUIPlugin
2025-02-01 22:44:21,118 [INFO] PluginManager:220 - loadIPPluginJar : add aes
2025-02-01 22:44:21,286 [INFO] IPUIPlugin:80 - create IPUIPlugin
2025-02-01 22:44:21,287 [INFO] PluginManager:220 - loadIPPluginJar : add can
2025-02-01 22:44:21,390 [INFO] IPUIPlugin:80 - create IPUIPlugin
2025-02-01 22:44:21,391 [INFO] PluginManager:220 - loadIPPluginJar : add comp
2025-02-01 22:44:21,534 [INFO] IPUIPlugin:80 - create IPUIPlugin
2025-02-01 22:44:21,534 [INFO] PluginManager:220 - loadIPPluginJar : add cryp
2025-02-01 22:44:21,653 [INFO] ThirdPartyUpdaterWithRetryManager:70 - Updater plugin not ready yet. [2/15]
2025-02-01 22:44:21,665 [INFO] IPUIPlugin:80 - create IPUIPlugin
2025-02-01 22:44:21,665 [INFO] PluginManager:220 - loadIPPluginJar : add dfsdm
2025-02-01 22:44:21,721 [INFO] IPUIPlugin:80 - create IPUIPlugin
2025-02-01 22:44:21,723 [INFO] PluginManager:220 - loadIPPluginJar : add dma
2025-02-01 22:44:21,917 [INFO] IPUIPlugin:80 - create IPUIPlugin
2025-02-01 22:44:21,917 [INFO] PluginManager:220 - loadIPPluginJar : add dma3
2025-02-01 22:44:22,005 [INFO] IPUIPlugin:80 - create IPUIPlugin
2025-02-01 22:44:22,005 [INFO] PluginManager:220 - loadIPPluginJar : add fatfs
2025-02-01 22:44:22,203 [INFO] IPUIPlugin:80 - create IPUIPlugin
2025-02-01 22:44:22,204 [INFO] PluginManager:220 - loadIPPluginJar : add fmc
2025-02-01 22:44:22,259 [INFO] IPUIPlugin:80 - create IPUIPlugin
2025-02-01 22:44:22,260 [INFO] PluginManager:220 - loadIPPluginJar : add freertos
2025-02-01 22:44:22,342 [INFO] IPUIPlugin:80 - create IPUIPlugin
2025-02-01 22:44:22,343 [INFO] PluginManager:220 - loadIPPluginJar : add genericplugin
2025-02-01 22:44:22,759 [INFO] IPUIPlugin:80 - create IPUIPlugin
2025-02-01 22:44:22,759 [INFO] PluginManager:220 - loadIPPluginJar : add gfxmmu
2025-02-01 22:44:23,320 [INFO] IPUIPlugin:80 - create IPUIPlugin
2025-02-01 22:44:23,320 [INFO] PluginManager:220 - loadIPPluginJar : add gic
2025-02-01 22:44:23,370 [INFO] IPUIPlugin:80 - create IPUIPlugin
2025-02-01 22:44:23,371 [INFO] PluginManager:220 - loadIPPluginJar : add gpio
2025-02-01 22:44:23,732 [INFO] IPUIPlugin:80 - create IPUIPlugin
2025-02-01 22:44:23,733 [INFO] PluginManager:220 - loadIPPluginJar : add gtzc
2025-02-01 22:44:23,869 [INFO] IPUIPlugin:80 - create IPUIPlugin
2025-02-01 22:44:23,870 [INFO] PluginManager:220 - loadIPPluginJar : add hash
2025-02-01 22:44:24,088 [INFO] IPUIPlugin:80 - create IPUIPlugin
2025-02-01 22:44:24,088 [INFO] PluginManager:220 - loadIPPluginJar : add i2c
2025-02-01 22:44:24,259 [INFO] IPUIPlugin:80 - create IPUIPlugin
2025-02-01 22:44:24,259 [INFO] PluginManager:220 - loadIPPluginJar : add i2s
2025-02-01 22:44:24,434 [INFO] IPUIPlugin:80 - create IPUIPlugin
2025-02-01 22:44:24,435 [INFO] PluginManager:220 - loadIPPluginJar : add i3c
2025-02-01 22:44:24,655 [INFO] ThirdPartyUpdaterWithRetryManager:70 - Updater plugin not ready yet. [3/15]
2025-02-01 22:44:24,862 [INFO] IPUIPlugin:80 - create IPUIPlugin
2025-02-01 22:44:24,862 [INFO] PluginManager:220 - loadIPPluginJar : add ipddr
2025-02-01 22:44:25,276 [INFO] IPUIPlugin:80 - create IPUIPlugin
2025-02-01 22:44:25,277 [INFO] PluginManager:220 - loadIPPluginJar : add linkedlist
2025-02-01 22:44:25,431 [INFO] IPUIPlugin:80 - create IPUIPlugin
2025-02-01 22:44:25,432 [INFO] PluginManager:220 - loadIPPluginJar : add lorawan
2025-02-01 22:44:25,591 [INFO] IPUIPlugin:80 - create IPUIPlugin
2025-02-01 22:44:25,591 [INFO] PluginManager:220 - loadIPPluginJar : add ltdc
2025-02-01 22:44:25,658 [INFO] IPUIPlugin:80 - create IPUIPlugin
2025-02-01 22:44:25,659 [INFO] PluginManager:220 - loadIPPluginJar : add mdma
2025-02-01 22:44:25,706 [INFO] IPUIPlugin:80 - create IPUIPlugin
2025-02-01 22:44:25,707 [INFO] PluginManager:220 - loadIPPluginJar : add nvic
2025-02-01 22:44:25,877 [INFO] IPUIPlugin:80 - create IPUIPlugin
2025-02-01 22:44:25,877 [INFO] PluginManager:220 - loadIPPluginJar : add opamp
2025-02-01 22:44:26,138 [INFO] IPUIPlugin:80 - create IPUIPlugin
2025-02-01 22:44:26,139 [INFO] PluginManager:220 - loadIPPluginJar : add openamp
2025-02-01 22:44:26,331 [INFO] IPUIPlugin:80 - create IPUIPlugin
2025-02-01 22:44:26,331 [INFO] PluginManager:220 - loadIPPluginJar : add pdm2pcm
2025-02-01 22:44:26,388 [INFO] IPUIPlugin:80 - create IPUIPlugin
2025-02-01 22:44:26,395 [INFO] PluginManager:220 - loadIPPluginJar : add plateformsettings
2025-02-01 22:44:26,495 [INFO] IPUIPlugin:80 - create IPUIPlugin
2025-02-01 22:44:26,496 [INFO] PluginManager:220 - loadIPPluginJar : add quadspi
2025-02-01 22:44:26,552 [INFO] IPUIPlugin:80 - create IPUIPlugin
2025-02-01 22:44:26,552 [INFO] PluginManager:220 - loadIPPluginJar : add resmgrutility
2025-02-01 22:44:26,757 [INFO] IPUIPlugin:80 - create IPUIPlugin
2025-02-01 22:44:26,758 [INFO] PluginManager:220 - loadIPPluginJar : add sai
2025-02-01 22:44:26,923 [INFO] IPUIPlugin:80 - create IPUIPlugin
2025-02-01 22:44:26,923 [INFO] PluginManager:220 - loadIPPluginJar : add spi
2025-02-01 22:44:27,166 [INFO] IPUIPlugin:80 - create IPUIPlugin
2025-02-01 22:44:27,167 [INFO] PluginManager:220 - loadIPPluginJar : add stm32_wpan
2025-02-01 22:44:27,269 [INFO] IPUIPlugin:80 - create IPUIPlugin
2025-02-01 22:44:27,269 [INFO] PluginManager:220 - loadIPPluginJar : add tim
2025-02-01 22:44:27,496 [INFO] IPUIPlugin:80 - create IPUIPlugin
2025-02-01 22:44:27,496 [INFO] PluginManager:220 - loadIPPluginJar : add touchsensing
2025-02-01 22:44:27,588 [INFO] IPUIPlugin:80 - create IPUIPlugin
2025-02-01 22:44:27,589 [INFO] PluginManager:220 - loadIPPluginJar : add tracer_emb
2025-02-01 22:44:27,657 [INFO] ThirdPartyUpdaterWithRetryManager:70 - Updater plugin not ready yet. [4/15]
2025-02-01 22:44:27,689 [INFO] IPUIPlugin:80 - create IPUIPlugin
2025-02-01 22:44:27,689 [INFO] PluginManager:220 - loadIPPluginJar : add ts
2025-02-01 22:44:27,797 [INFO] IPUIPlugin:80 - create IPUIPlugin
2025-02-01 22:44:27,798 [INFO] PluginManager:220 - loadIPPluginJar : add tsc
2025-02-01 22:44:27,889 [INFO] IPUIPlugin:80 - create IPUIPlugin
2025-02-01 22:44:27,889 [INFO] PluginManager:220 - loadIPPluginJar : add ucpd
2025-02-01 22:44:28,080 [INFO] IPUIPlugin:80 - create IPUIPlugin
2025-02-01 22:44:28,080 [INFO] PluginManager:220 - loadIPPluginJar : add usart
2025-02-01 22:44:28,272 [INFO] IPUIPlugin:80 - create IPUIPlugin
2025-02-01 22:44:28,272 [INFO] PluginManager:220 - loadIPPluginJar : add usbx
2025-02-01 22:44:28,590 [INFO] CADModel:165 - CPN selected for project level
2025-02-01 22:44:28,590 [INFO] CADModel:114 - Register for checkConnection events
2025-02-01 22:44:28,591 [FATAL] Updater:308 - Updater called before beeing initialized
2025-02-01 22:44:28,592 [ERROR] CADModel:125 - Updater not yet initialized, retry later 
2025-02-01 22:44:29,158 [INFO] CADModel:165 - CPN selected for project level
2025-02-01 22:44:29,159 [INFO] CADModel:114 - Register for checkConnection events
2025-02-01 22:44:29,160 [FATAL] Updater:308 - Updater called before beeing initialized
2025-02-01 22:44:29,160 [ERROR] CADModel:125 - Updater not yet initialized, retry later 
2025-02-01 22:44:29,171 [FATAL] Updater:308 - Updater called before beeing initialized
2025-02-01 22:44:29,569 [FATAL] Updater:308 - Updater called before beeing initialized
2025-02-01 22:44:29,634 [INFO] DbMcusAds:53 - JSON generation date=Wed Nov 29 14:22:27 IRST 2023 (1701255147200)
2025-02-01 22:44:29,635 [FATAL] Updater:308 - Updater called before beeing initialized
2025-02-01 22:44:29,938 [WARN] DetailPanel:346 - Failed to get advertising image, set to default
2025-02-01 22:44:30,262 [FATAL] Updater:308 - Updater called before beeing initialized
2025-02-01 22:44:30,268 [FATAL] Updater:308 - Updater called before beeing initialized
2025-02-01 22:44:30,269 [FATAL] Updater:308 - Updater called before beeing initialized
2025-02-01 22:44:30,269 [WARN] DetailPanel:346 - Failed to get advertising image, set to default
2025-02-01 22:44:30,272 [FATAL] Updater:308 - Updater called before beeing initialized
2025-02-01 22:44:30,523 [ERROR] Updater:1120 - MainUpdater not yet initialized. External WinMGr cannot be set.
2025-02-01 22:44:30,556 [INFO] Updater:1056 - Updater Version found : 6.9.2
2025-02-01 22:44:30,625 [INFO] ApplicationProperties:184 - Using Application install path: C:\ST\STM32CubeIDE_1.13.2\STM32CubeIDE\plugins\com.st.stm32cube.common.mx_6.9.2.202309101412
2025-02-01 22:44:30,658 [INFO] ThirdPartyUpdaterWithRetryManager:70 - Updater plugin not ready yet. [5/15]
2025-02-01 22:44:33,661 [FATAL] Updater:308 - Updater called before beeing initialized
2025-02-01 22:44:33,662 [ERROR] IntegrityCheckThread:130 - Cannot retrieve database content from updater: error 21
2025-02-01 22:44:33,663 [INFO] ThirdParty:978 - Integrity check success = false
2025-02-01 22:44:33,663 [INFO] IntegrityCheckThread:100 - exiting critical section [integrity check]
2025-02-01 22:44:33,663 [INFO] IntegrityCheckThread:103 - End integrity checks thread
2025-02-01 22:44:33,711 [INFO] MainUpdater:2868 - connection check result : 10
2025-02-01 22:44:33,711 [INFO] MainUpdater:3562 - Updater definition file requires update
2025-02-01 22:44:33,716 [INFO] MainUpdater:285 - Updater Check For Update Now.
2025-02-01 22:44:33,717 [INFO] MicroXplorer:498 - Change Database Version : DB.6.0.92
2025-02-01 22:44:33,786 [INFO] McuFinderGlobals:63 - Set McuFinder mode to 2 (CubeIDE integrated)
2025-02-01 22:44:33,787 [INFO] UserAuth:179 - activating auth plugin
2025-02-01 22:44:33,801 [INFO] UserAuth:393 - Internet connection configuration mode: 1
2025-02-01 22:44:33,894 [INFO] JxBrowserEngine:151 - Initiate JxBrowser Engine with user profile folder
2025-02-01 22:44:34,383 [INFO] ServerAccessManage:473 - Download File updaters.zip
2025-02-01 22:44:35,650 [INFO] FileExtend:240 - Unzip File : updaters.zip
2025-02-01 22:44:35,650 [INFO] FileExtend:255 - Standard Zip Deflate
2025-02-01 22:44:37,641 [INFO] ServerAccessManage:473 - Download File PacksControlFlags.xml
2025-02-01 22:44:38,455 [INFO] ServerAccessManage:473 - Download File cubemx.pidx
2025-02-01 22:44:39,989 [INFO] ServerAccessManage:473 - Download File STMicroelectronics.X-CUBE-AI.pdsc
2025-02-01 22:44:54,365 [INFO] ServerAccessManage:473 - Download File quantropi.X-CUBE-qispace-sdk-base.pdsc
2025-02-01 22:44:54,887 [WARN] PackLoader:240 - Cannot read IP mode file for STMicroelectronics.X-CUBE-AI.10.0.0
2025-02-01 22:44:54,895 [WARN] PopulateThirdPartyThread:106 - Error when creating pack: C:/Users/surface/.stm32cubemx/thirdparties/pdsc/quantropi.X-CUBE-qispace-sdk-base.pdsc
2025-02-01 22:44:54,895 [INFO] PopulateThirdPartyThread:66 - Ending populate Thread
2025-02-01 22:44:54,897 [INFO] ThirdParty:1030 - CMSIS Pack Vendor :STMicroelectronics X-CUBE-AI 10.0.0
2025-02-01 22:44:54,898 [INFO] LoadServerUpdatesThread:373 - End of LoadServerUpdate Thread
2025-02-01 22:44:55,105 [INFO] CheckServerUpdateThread:120 - End of CheckServer Thread
2025-02-01 22:45:49,995 [ERROR] LogOutputStream:75 - [STDERR_REDIRECT] SLF4J: Failed to load class "org.slf4j.impl.StaticLoggerBinder".
2025-02-01 22:45:49,996 [ERROR] LogOutputStream:75 - [STDERR_REDIRECT] SLF4J: Defaulting to no-operation (NOP) logger implementation
2025-02-01 22:45:49,999 [ERROR] LogOutputStream:75 - [STDERR_REDIRECT] SLF4J: See http://www.slf4j.org/codes.html#StaticLoggerBinder for further details.
2025-02-01 22:49:25,532 [INFO] WebApp:157 - Instantiating new browser for Auth
2025-02-01 22:49:27,157 [INFO] WebApp:753 - Register for checkConnection events
2025-02-01 22:49:27,158 [INFO] WebApp:390 - Apply proxy settings
2025-02-01 22:49:27,158 [INFO] WebApp:475 - Chromium requires no authentication
2025-02-01 22:49:27,171 [INFO] WebApp:418 - Direct internet connection detected
2025-02-01 22:49:27,493 [INFO] WebApp:188 - Starting web application
2025-02-01 22:49:27,493 [INFO] WebApp:520 - Web application path used C:\ST\STM32CubeIDE_1.13.2\STM32CubeIDE\plugins\com.st.stm32cube.common.mx_6.9.2.202309101412\db\plugins\mcufinder\reactClient1\index.html
