12:39:02 **** Incremental Build of configuration Debug for project Project_Files ****
make -j8 all 
arm-none-eabi-gcc "../X-CUBE-AI/App/app_x-cube-ai.c" -mcpu=cortex-m4 -std=gnu11 -g3 -DDEBUG -DUSE_HAL_DRIVER -DSTM32F407xx -c -I../../USB_HOST/App -I../../USB_HOST/Target -I../../Core/Inc -I../../Middlewares/ST/AI/Inc -I../../X-CUBE-AI/App -I../../Drivers/STM32F4xx_HAL_Driver/Inc -I../../Drivers/STM32F4xx_HAL_Driver/Inc/Legacy -I../../Middlewares/ST/STM32_USB_Host_Library/Core/Inc -I../../Middlewares/ST/STM32_USB_Host_Library/Class/CDC/Inc -I../../Drivers/CMSIS/Device/ST/STM32F4xx/Include -I../../Drivers/CMSIS/Include -I"D:/Study/AUT/Embeded_AI/Project_Files/Middlewares" -I"D:/Study/AUT/Embeded_AI/Project_Files/Middlewares/ST/AI/Inc" -I"D:/Study/AUT/Embeded_AI/Project_Files/Middlewares/ST/AI/Lib" -I"D:/Study/AUT/Embeded_AI/Project_Files/Drivers/STM32F4xx_HAL_Driver/Src" -O0 -ffunction-sections -fdata-sections -Wall -fstack-usage -fcyclomatic-complexity -MMD -MP -MF"X-CUBE-AI/App/app_x-cube-ai.d" -MT"X-CUBE-AI/App/app_x-cube-ai.o" --specs=nano.specs -mfpu=fpv4-sp-d16 -mfloat-abi=hard -mthumb -o "X-CUBE-AI/App/app_x-cube-ai.o"
arm-none-eabi-gcc -mcpu=cortex-m4 -g3 -DDEBUG -c -I"D:/Study/AUT/Embeded_AI/Project_Files/Middlewares" -I"D:/Study/AUT/Embeded_AI/Project_Files/Middlewares/ST/AI/Inc" -I"D:/Study/AUT/Embeded_AI/Project_Files/Middlewares/ST/AI/Lib" -I"D:/Study/AUT/Embeded_AI/Project_Files/Drivers/STM32F4xx_HAL_Driver/Src" -x assembler-with-cpp -MMD -MP -MF"EWARM/startup_stm32f407xx.d" -MT"EWARM/startup_stm32f407xx.o" --specs=nano.specs -mfpu=fpv4-sp-d16 -mfloat-abi=hard -mthumb -o "EWARM/startup_stm32f407xx.o" "../EWARM/startup_stm32f407xx.s"
arm-none-eabi-gcc "../Drivers/STM32F4xx_HAL_Driver/Src/stm32f4xx_hal.c" -mcpu=cortex-m4 -std=gnu11 -g3 -DDEBUG -DUSE_HAL_DRIVER -DSTM32F407xx -c -I../../USB_HOST/App -I../../USB_HOST/Target -I../../Core/Inc -I../../Middlewares/ST/AI/Inc -I../../X-CUBE-AI/App -I../../Drivers/STM32F4xx_HAL_Driver/Inc -I../../Drivers/STM32F4xx_HAL_Driver/Inc/Legacy -I../../Middlewares/ST/STM32_USB_Host_Library/Core/Inc -I../../Middlewares/ST/STM32_USB_Host_Library/Class/CDC/Inc -I../../Drivers/CMSIS/Device/ST/STM32F4xx/Include -I../../Drivers/CMSIS/Include -I"D:/Study/AUT/Embeded_AI/Project_Files/Middlewares" -I"D:/Study/AUT/Embeded_AI/Project_Files/Middlewares/ST/AI/Inc" -I"D:/Study/AUT/Embeded_AI/Project_Files/Middlewares/ST/AI/Lib" -I"D:/Study/AUT/Embeded_AI/Project_Files/Drivers/STM32F4xx_HAL_Driver/Src" -O0 -ffunction-sections -fdata-sections -Wall -fstack-usage -fcyclomatic-complexity -MMD -MP -MF"Drivers/STM32F4xx_HAL_Driver/Src/stm32f4xx_hal.d" -MT"Drivers/STM32F4xx_HAL_Driver/Src/stm32f4xx_hal.o" --specs=nano.specs -mfpu=fpv4-sp-d16 -mfloat-abi=hard -mthumb -o "Drivers/STM32F4xx_HAL_Driver/Src/stm32f4xx_hal.o"
arm-none-eabi-gcc "../Drivers/STM32F4xx_HAL_Driver/Src/stm32f4xx_hal_adc.c" -mcpu=cortex-m4 -std=gnu11 -g3 -DDEBUG -DUSE_HAL_DRIVER -DSTM32F407xx -c -I../../USB_HOST/App -I../../USB_HOST/Target -I../../Core/Inc -I../../Middlewares/ST/AI/Inc -I../../X-CUBE-AI/App -I../../Drivers/STM32F4xx_HAL_Driver/Inc -I../../Drivers/STM32F4xx_HAL_Driver/Inc/Legacy -I../../Middlewares/ST/STM32_USB_Host_Library/Core/Inc -I../../Middlewares/ST/STM32_USB_Host_Library/Class/CDC/Inc -I../../Drivers/CMSIS/Device/ST/STM32F4xx/Include -I../../Drivers/CMSIS/Include -I"D:/Study/AUT/Embeded_AI/Project_Files/Middlewares" -I"D:/Study/AUT/Embeded_AI/Project_Files/Middlewares/ST/AI/Inc" -I"D:/Study/AUT/Embeded_AI/Project_Files/Middlewares/ST/AI/Lib" -I"D:/Study/AUT/Embeded_AI/Project_Files/Drivers/STM32F4xx_HAL_Driver/Src" -O0 -ffunction-sections -fdata-sections -Wall -fstack-usage -fcyclomatic-complexity -MMD -MP -MF"Drivers/STM32F4xx_HAL_Driver/Src/stm32f4xx_hal_adc.d" -MT"Drivers/STM32F4xx_HAL_Driver/Src/stm32f4xx_hal_adc.o" --specs=nano.specs -mfpu=fpv4-sp-d16 -mfloat-abi=hard -mthumb -o "Drivers/STM32F4xx_HAL_Driver/Src/stm32f4xx_hal_adc.o"
arm-none-eabi-gcc "../Drivers/STM32F4xx_HAL_Driver/Src/stm32f4xx_hal_adc_ex.c" -mcpu=cortex-m4 -std=gnu11 -g3 -DDEBUG -DUSE_HAL_DRIVER -DSTM32F407xx -c -I../../USB_HOST/App -I../../USB_HOST/Target -I../../Core/Inc -I../../Middlewares/ST/AI/Inc -I../../X-CUBE-AI/App -I../../Drivers/STM32F4xx_HAL_Driver/Inc -I../../Drivers/STM32F4xx_HAL_Driver/Inc/Legacy -I../../Middlewares/ST/STM32_USB_Host_Library/Core/Inc -I../../Middlewares/ST/STM32_USB_Host_Library/Class/CDC/Inc -I../../Drivers/CMSIS/Device/ST/STM32F4xx/Include -I../../Drivers/CMSIS/Include -I"D:/Study/AUT/Embeded_AI/Project_Files/Middlewares" -I"D:/Study/AUT/Embeded_AI/Project_Files/Middlewares/ST/AI/Inc" -I"D:/Study/AUT/Embeded_AI/Project_Files/Middlewares/ST/AI/Lib" -I"D:/Study/AUT/Embeded_AI/Project_Files/Drivers/STM32F4xx_HAL_Driver/Src" -O0 -ffunction-sections -fdata-sections -Wall -fstack-usage -fcyclomatic-complexity -MMD -MP -MF"Drivers/STM32F4xx_HAL_Driver/Src/stm32f4xx_hal_adc_ex.d" -MT"Drivers/STM32F4xx_HAL_Driver/Src/stm32f4xx_hal_adc_ex.o" --specs=nano.specs -mfpu=fpv4-sp-d16 -mfloat-abi=hard -mthumb -o "Drivers/STM32F4xx_HAL_Driver/Src/stm32f4xx_hal_adc_ex.o"
arm-none-eabi-gcc "../Drivers/STM32F4xx_HAL_Driver/Src/stm32f4xx_hal_can.c" -mcpu=cortex-m4 -std=gnu11 -g3 -DDEBUG -DUSE_HAL_DRIVER -DSTM32F407xx -c -I../../USB_HOST/App -I../../USB_HOST/Target -I../../Core/Inc -I../../Middlewares/ST/AI/Inc -I../../X-CUBE-AI/App -I../../Drivers/STM32F4xx_HAL_Driver/Inc -I../../Drivers/STM32F4xx_HAL_Driver/Inc/Legacy -I../../Middlewares/ST/STM32_USB_Host_Library/Core/Inc -I../../Middlewares/ST/STM32_USB_Host_Library/Class/CDC/Inc -I../../Drivers/CMSIS/Device/ST/STM32F4xx/Include -I../../Drivers/CMSIS/Include -I"D:/Study/AUT/Embeded_AI/Project_Files/Middlewares" -I"D:/Study/AUT/Embeded_AI/Project_Files/Middlewares/ST/AI/Inc" -I"D:/Study/AUT/Embeded_AI/Project_Files/Middlewares/ST/AI/Lib" -I"D:/Study/AUT/Embeded_AI/Project_Files/Drivers/STM32F4xx_HAL_Driver/Src" -O0 -ffunction-sections -fdata-sections -Wall -fstack-usage -fcyclomatic-complexity -MMD -MP -MF"Drivers/STM32F4xx_HAL_Driver/Src/stm32f4xx_hal_can.d" -MT"Drivers/STM32F4xx_HAL_Driver/Src/stm32f4xx_hal_can.o" --specs=nano.specs -mfpu=fpv4-sp-d16 -mfloat-abi=hard -mthumb -o "Drivers/STM32F4xx_HAL_Driver/Src/stm32f4xx_hal_can.o"
arm-none-eabi-gcc "../Drivers/STM32F4xx_HAL_Driver/Src/stm32f4xx_hal_cec.c" -mcpu=cortex-m4 -std=gnu11 -g3 -DDEBUG -DUSE_HAL_DRIVER -DSTM32F407xx -c -I../../USB_HOST/App -I../../USB_HOST/Target -I../../Core/Inc -I../../Middlewares/ST/AI/Inc -I../../X-CUBE-AI/App -I../../Drivers/STM32F4xx_HAL_Driver/Inc -I../../Drivers/STM32F4xx_HAL_Driver/Inc/Legacy -I../../Middlewares/ST/STM32_USB_Host_Library/Core/Inc -I../../Middlewares/ST/STM32_USB_Host_Library/Class/CDC/Inc -I../../Drivers/CMSIS/Device/ST/STM32F4xx/Include -I../../Drivers/CMSIS/Include -I"D:/Study/AUT/Embeded_AI/Project_Files/Middlewares" -I"D:/Study/AUT/Embeded_AI/Project_Files/Middlewares/ST/AI/Inc" -I"D:/Study/AUT/Embeded_AI/Project_Files/Middlewares/ST/AI/Lib" -I"D:/Study/AUT/Embeded_AI/Project_Files/Drivers/STM32F4xx_HAL_Driver/Src" -O0 -ffunction-sections -fdata-sections -Wall -fstack-usage -fcyclomatic-complexity -MMD -MP -MF"Drivers/STM32F4xx_HAL_Driver/Src/stm32f4xx_hal_cec.d" -MT"Drivers/STM32F4xx_HAL_Driver/Src/stm32f4xx_hal_cec.o" --specs=nano.specs -mfpu=fpv4-sp-d16 -mfloat-abi=hard -mthumb -o "Drivers/STM32F4xx_HAL_Driver/Src/stm32f4xx_hal_cec.o"
../Drivers/STM32F4xx_HAL_Driver/Src/stm32f4xx_hal.c:36:10: fatal error: stm32f4xx_hal.h: No such file or directory
   36 | #include "stm32f4xx_hal.h"
      |          ^~~~~~~~~~~~~~~~~
compilation terminated.
arm-none-eabi-gcc "../Drivers/STM32F4xx_HAL_Driver/Src/stm32f4xx_hal_cortex.c" -mcpu=cortex-m4 -std=gnu11 -g3 -DDEBUG -DUSE_HAL_DRIVER -DSTM32F407xx -c -I../../USB_HOST/App -I../../USB_HOST/Target -I../../Core/Inc -I../../Middlewares/ST/AI/Inc -I../../X-CUBE-AI/App -I../../Drivers/STM32F4xx_HAL_Driver/Inc -I../../Drivers/STM32F4xx_HAL_Driver/Inc/Legacy -I../../Middlewares/ST/STM32_USB_Host_Library/Core/Inc -I../../Middlewares/ST/STM32_USB_Host_Library/Class/CDC/Inc -I../../Drivers/CMSIS/Device/ST/STM32F4xx/Include -I../../Drivers/CMSIS/Include -I"D:/Study/AUT/Embeded_AI/Project_Files/Middlewares" -I"D:/Study/AUT/Embeded_AI/Project_Files/Middlewares/ST/AI/Inc" -I"D:/Study/AUT/Embeded_AI/Project_Files/Middlewares/ST/AI/Lib" -I"D:/Study/AUT/Embeded_AI/Project_Files/Drivers/STM32F4xx_HAL_Driver/Src" -O0 -ffunction-sections -fdata-sections -Wall -fstack-usage -fcyclomatic-complexity -MMD -MP -MF"Drivers/STM32F4xx_HAL_Driver/Src/stm32f4xx_hal_cortex.d" -MT"Drivers/STM32F4xx_HAL_Driver/Src/stm32f4xx_hal_cortex.o" --specs=nano.specs -mfpu=fpv4-sp-d16 -mfloat-abi=hard -mthumb -o "Drivers/STM32F4xx_HAL_Driver/Src/stm32f4xx_hal_cortex.o"
../EWARM/startup_stm32f407xx.s: Assembler messages:
../EWARM/startup_stm32f407xx.s:1: Error: junk at end of line, first unrecognized character is `*'
../EWARM/startup_stm32f407xx.s:2: Error: junk at end of line, first unrecognized character is `*'
../EWARM/startup_stm32f407xx.s:3: Error: junk at end of line, first unrecognized character is `*'
../EWARM/startup_stm32f407xx.s:4: Error: junk at end of line, first unrecognized character is `*'
../EWARM/startup_stm32f407xx.s:5: Error: junk at end of line, first unrecognized character is `*'
../EWARM/startup_stm32f407xx.s:6: Error: junk at end of line, first unrecognized character is `*'
../EWARM/startup_stm32f407xx.s:7: Error: junk at end of line, first unrecognized character is `*'
../EWARM/startup_stm32f407xx.s:8: Error: junk at end of line, first unrecognized character is `*'
../EWARM/startup_stm32f407xx.s:9: Error: junk at end of line, first unrecognized character is `*'
../EWARM/startup_stm32f407xx.s:10: Error: junk at end of line, first unrecognized character is `*'
../EWARM/startup_stm32f407xx.s:11: Error: junk at end of line, first unrecognized character is `*'
../EWARM/startup_stm32f407xx.s:12: Error: junk at end of line, first unrecognized character is `*'
../EWARM/startup_stm32f407xx.s:13: Error: junk at end of line, first unrecognized character is `*'
../EWARM/startup_stm32f407xx.s:14: Error: junk at end of line, first unrecognized character is `*'
../EWARM/startup_stm32f407xx.s:15: Error: junk at end of line, first unrecognized character is `*'
../EWARM/startup_stm32f407xx.s:16: Error: junk at end of line, first unrecognized character is `*'
../EWARM/startup_stm32f407xx.s:17: Error: junk at end of line, first unrecognized character is `*'
../EWARM/startup_stm32f407xx.s:18: Error: junk at end of line, first unrecognized character is `*'
../EWARM/startup_stm32f407xx.s:19: Error: junk at end of line, first unrecognized character is `*'
../EWARM/startup_stm32f407xx.s:20: Error: junk at end of line, first unrecognized character is `*'
../EWARM/startup_stm32f407xx.s:21: Error: junk at end of line, first unrecognized character is `*'
../EWARM/startup_stm32f407xx.s:22: Error: junk at end of line, first unrecognized character is `*'
../EWARM/startup_stm32f407xx.s:23: Error: junk at end of line, first unrecognized character is `*'
../EWARM/startup_stm32f407xx.s:24: Error: junk at end of line, first unrecognized character is `*'
../EWARM/startup_stm32f407xx.s:27: Error: bad instruction `the modules in this file are included in the libraries,and may be replaced'
../EWARM/startup_stm32f407xx.s:28: Error: bad instruction `by any user-defined modules that define the PUBLIC symbol _program_start or'
../EWARM/startup_stm32f407xx.s:29: Error: bad instruction `a user defined start symbol.'
../EWARM/startup_stm32f407xx.s:30: Error: bad instruction `to override the cstartup defined in the library,simply add your modified'
../EWARM/startup_stm32f407xx.s:31: Error: bad instruction `version to the workbench project.'
../EWARM/startup_stm32f407xx.s:33: Error: bad instruction `the vector table is normally located at address 0.'
../EWARM/startup_stm32f407xx.s:34: Error: bad instruction `when debugging in RAM,it can be located in RAM,aligned to at least 2^6.'
../EWARM/startup_stm32f407xx.s:35: Error: bad instruction `the name "__vector_table" has special meaning for C-SPY:'
../EWARM/startup_stm32f407xx.s:36: Error: condition required -- `it is where the SP start value is found,and the NVIC vector'
../EWARM/startup_stm32f407xx.s:37: Error: bad instruction `table register(VTOR)is initialized to this address if!=0.'
../EWARM/startup_stm32f407xx.s:39: Error: bad instruction `cortex-M version'
../EWARM/startup_stm32f407xx.s:42: Error: bad instruction `module ?cstartup'
../EWARM/startup_stm32f407xx.s:44: Error: bad instruction `forward declaration of sections.'
../EWARM/startup_stm32f407xx.s:45: Error: bad instruction `section CSTACK:DATA:NOROOT(3)'
../EWARM/startup_stm32f407xx.s:47: Error: bad instruction `section .intvec:CODE:NOROOT(2)'
../EWARM/startup_stm32f407xx.s:49: Error: bad instruction `extern __iar_program_start'
../EWARM/startup_stm32f407xx.s:50: Error: bad instruction `extern SystemInit'
../EWARM/startup_stm32f407xx.s:51: Error: bad instruction `public __vector_table'
../EWARM/startup_stm32f407xx.s:53: Error: bad instruction `data'
../EWARM/startup_stm32f407xx.s:54: Error: bad instruction `__vector_table'
../EWARM/startup_stm32f407xx.s:55: Error: bad instruction `dcd sfe(CSTACK)'
../EWARM/startup_stm32f407xx.s:56: Error: bad instruction `dcd Reset_Handler'
../EWARM/startup_stm32f407xx.s:56: Error: bad instruction `reset Handler'
../EWARM/startup_stm32f407xx.s:58: Error: bad instruction `dcd NMI_Handler'
../EWARM/startup_stm32f407xx.s:58: Error: bad instruction `nmi Handler'
../EWARM/startup_stm32f407xx.s:59: Error: bad instruction `dcd HardFault_Handler'
../EWARM/startup_stm32f407xx.s:59: Error: bad instruction `hard Fault Handler'
../EWARM/startup_stm32f407xx.s:60: Error: bad instruction `dcd MemManage_Handler'
../EWARM/startup_stm32f407xx.s:60: Error: bad instruction `mpu Fault Handler'
../EWARM/startup_stm32f407xx.s:61: Error: bad instruction `dcd BusFault_Handler'
../EWARM/startup_stm32f407xx.s:61: Error: bad instruction `bus Fault Handler'
../EWARM/startup_stm32f407xx.s:62: Error: bad instruction `dcd UsageFault_Handler'
../EWARM/startup_stm32f407xx.s:62: Error: bad instruction `usage Fault Handler'
../EWARM/startup_stm32f407xx.s:63: Error: bad instruction `dcd 0'
../EWARM/startup_stm32f407xx.s:63: Error: bad instruction `reserved'
../EWARM/startup_stm32f407xx.s:64: Error: bad instruction `dcd 0'
../EWARM/startup_stm32f407xx.s:64: Error: bad instruction `reserved'
../EWARM/startup_stm32f407xx.s:65: Error: bad instruction `dcd 0'
../EWARM/startup_stm32f407xx.s:65: Error: bad instruction `reserved'
../EWARM/startup_stm32f407xx.s:66: Error: bad instruction `dcd 0'
../EWARM/startup_stm32f407xx.s:66: Error: bad instruction `reserved'
../EWARM/startup_stm32f407xx.s:67: Error: bad instruction `dcd SVC_Handler'
../EWARM/startup_stm32f407xx.s:67: Error: bad instruction `svcall Handler'
../EWARM/startup_stm32f407xx.s:68: Error: bad instruction `dcd DebugMon_Handler'
../EWARM/startup_stm32f407xx.s:68: Error: bad instruction `debug Monitor Handler'
../EWARM/startup_stm32f407xx.s:69: Error: bad instruction `dcd 0'
../EWARM/startup_stm32f407xx.s:69: Error: bad instruction `reserved'
../EWARM/startup_stm32f407xx.s:70: Error: bad instruction `dcd PendSV_Handler'
../EWARM/startup_stm32f407xx.s:70: Error: bad instruction `pendsv Handler'
../EWARM/startup_stm32f407xx.s:71: Error: bad instruction `dcd SysTick_Handler'
../EWARM/startup_stm32f407xx.s:71: Error: bad instruction `systick Handler'
../EWARM/startup_stm32f407xx.s:73: Error: bad instruction `external Interrupts'
../EWARM/startup_stm32f407xx.s:74: Error: bad instruction `dcd WWDG_IRQHandler'
../EWARM/startup_stm32f407xx.s:74: Error: bad instruction `window WatchDog'
../EWARM/startup_stm32f407xx.s:75: Error: bad instruction `dcd PVD_IRQHandler'
../EWARM/startup_stm32f407xx.s:75: Error: bad instruction `pvd through EXTI Line detection'
../EWARM/startup_stm32f407xx.s:76: Error: bad instruction `dcd TAMP_STAMP_IRQHandler'
../EWARM/startup_stm32f407xx.s:76: Error: bad instruction `tamper and TimeStamps through the EXTI line'
../EWARM/startup_stm32f407xx.s:77: Error: bad instruction `dcd RTC_WKUP_IRQHandler'
../EWARM/startup_stm32f407xx.s:77: Error: bad instruction `rtc Wakeup through the EXTI line'
../EWARM/startup_stm32f407xx.s:78: Error: bad instruction `dcd FLASH_IRQHandler'
../EWARM/startup_stm32f407xx.s:78: Error: bad instruction `flash'
../EWARM/startup_stm32f407xx.s:79: Error: bad instruction `dcd RCC_IRQHandler'
../EWARM/startup_stm32f407xx.s:79: Error: bad instruction `rcc'
../EWARM/startup_stm32f407xx.s:80: Error: bad instruction `dcd EXTI0_IRQHandler'
../EWARM/startup_stm32f407xx.s:80: Error: bad instruction `exti Line0'
../EWARM/startup_stm32f407xx.s:81: Error: bad instruction `dcd EXTI1_IRQHandler'
../EWARM/startup_stm32f407xx.s:81: Error: bad instruction `exti Line1'
../EWARM/startup_stm32f407xx.s:82: Error: bad instruction `dcd EXTI2_IRQHandler'
../EWARM/startup_stm32f407xx.s:82: Error: bad instruction `exti Line2'
../EWARM/startup_stm32f407xx.s:83: Error: bad instruction `dcd EXTI3_IRQHandler'
../EWARM/startup_stm32f407xx.s:83: Error: bad instruction `exti Line3'
../EWARM/startup_stm32f407xx.s:84: Error: bad instruction `dcd EXTI4_IRQHandler'
../EWARM/startup_stm32f407xx.s:84: Error: bad instruction `exti Line4'
../EWARM/startup_stm32f407xx.s:85: Error: bad instruction `dcd DMA1_Stream0_IRQHandler'
../EWARM/startup_stm32f407xx.s:85: Error: bad instruction `dma1 Stream 0'
../EWARM/startup_stm32f407xx.s:86: Error: bad instruction `dcd DMA1_Stream1_IRQHandler'
../EWARM/startup_stm32f407xx.s:86: Error: bad instruction `dma1 Stream 1'
../EWARM/startup_stm32f407xx.s:87: Error: bad instruction `dcd DMA1_Stream2_IRQHandler'
../EWARM/startup_stm32f407xx.s:87: Error: bad instruction `dma1 Stream 2'
../EWARM/startup_stm32f407xx.s:88: Error: bad instruction `dcd DMA1_Stream3_IRQHandler'
../EWARM/startup_stm32f407xx.s:88: Error: bad instruction `dma1 Stream 3'
../EWARM/startup_stm32f407xx.s:89: Error: bad instruction `dcd DMA1_Stream4_IRQHandler'
../EWARM/startup_stm32f407xx.s:89: Error: bad instruction `dma1 Stream 4'
../EWARM/startup_stm32f407xx.s:90: Error: bad instruction `dcd DMA1_Stream5_IRQHandler'
../EWARM/startup_stm32f407xx.s:90: Error: bad instruction `dma1 Stream 5'
../EWARM/startup_stm32f407xx.s:91: Error: bad instruction `dcd DMA1_Stream6_IRQHandler'
../EWARM/startup_stm32f407xx.s:91: Error: bad instruction `dma1 Stream 6'
../EWARM/startup_stm32f407xx.s:92: Error: bad instruction `dcd ADC_IRQHandler'
../EWARM/startup_stm32f407xx.s:92: Error: bad instruction `adc1, ADC2 and ADC3s'
../EWARM/startup_stm32f407xx.s:93: Error: bad instruction `dcd CAN1_TX_IRQHandler'
../EWARM/startup_stm32f407xx.s:93: Error: bad instruction `can1 TX'
../EWARM/startup_stm32f407xx.s:94: Error: bad instruction `dcd CAN1_RX0_IRQHandler'
../EWARM/startup_stm32f407xx.s:94: Error: bad instruction `can1 RX0'
../EWARM/startup_stm32f407xx.s:95: Error: bad instruction `dcd CAN1_RX1_IRQHandler'
../EWARM/startup_stm32f407xx.s:95: Error: bad instruction `can1 RX1'
../EWARM/startup_stm32f407xx.s:96: Error: bad instruction `dcd CAN1_SCE_IRQHandler'
../EWARM/startup_stm32f407xx.s:96: Error: bad instruction `can1 SCE'
../EWARM/startup_stm32f407xx.s:97: Error: bad instruction `dcd EXTI9_5_IRQHandler'
../EWARM/startup_stm32f407xx.s:97: Error: bad instruction `external Line[9:5]s'
../EWARM/startup_stm32f407xx.s:98: Error: bad instruction `dcd TIM1_BRK_TIM9_IRQHandler'
../EWARM/startup_stm32f407xx.s:98: Error: bad instruction `tim1 Break and TIM9'
../EWARM/startup_stm32f407xx.s:99: Error: bad instruction `dcd TIM1_UP_TIM10_IRQHandler'
../EWARM/startup_stm32f407xx.s:99: Error: bad instruction `tim1 Update and TIM10'
../EWARM/startup_stm32f407xx.s:100: Error: bad instruction `dcd TIM1_TRG_COM_TIM11_IRQHandler'
../EWARM/startup_stm32f407xx.s:100: Error: bad instruction `tim1 Trigger and Commutation and TIM11'
../EWARM/startup_stm32f407xx.s:101: Error: bad instruction `dcd TIM1_CC_IRQHandler'
../EWARM/startup_stm32f407xx.s:101: Error: bad instruction `tim1 Capture Compare'
../EWARM/startup_stm32f407xx.s:102: Error: bad instruction `dcd TIM2_IRQHandler'
../EWARM/startup_stm32f407xx.s:102: Error: bad instruction `tim2'
../EWARM/startup_stm32f407xx.s:103: Error: bad instruction `dcd TIM3_IRQHandler'
../EWARM/startup_stm32f407xx.s:103: Error: bad instruction `tim3'
../EWARM/startup_stm32f407xx.s:104: Error: bad instruction `dcd TIM4_IRQHandler'
../EWARM/startup_stm32f407xx.s:104: Error: bad instruction `tim4'
../EWARM/startup_stm32f407xx.s:105: Error: bad instruction `dcd I2C1_EV_IRQHandler'
../EWARM/startup_stm32f407xx.s:105: Error: bad instruction `i2c1 Event'
../EWARM/startup_stm32f407xx.s:106: Error: bad instruction `dcd I2C1_ER_IRQHandler'
../EWARM/startup_stm32f407xx.s:106: Error: bad instruction `i2c1 Error'
../EWARM/startup_stm32f407xx.s:107: Error: bad instruction `dcd I2C2_EV_IRQHandler'
../EWARM/startup_stm32f407xx.s:107: Error: bad instruction `i2c2 Event'
../EWARM/startup_stm32f407xx.s:108: Error: bad instruction `dcd I2C2_ER_IRQHandler'
../EWARM/startup_stm32f407xx.s:108: Error: bad instruction `i2c2 Error'
../EWARM/startup_stm32f407xx.s:109: Error: bad instruction `dcd SPI1_IRQHandler'
../EWARM/startup_stm32f407xx.s:109: Error: bad instruction `spi1'
../EWARM/startup_stm32f407xx.s:110: Error: bad instruction `dcd SPI2_IRQHandler'
../EWARM/startup_stm32f407xx.s:110: Error: bad instruction `spi2'
../EWARM/startup_stm32f407xx.s:111: Error: bad instruction `dcd USART1_IRQHandler'
../EWARM/startup_stm32f407xx.s:111: Error: bad instruction `usart1'
../EWARM/startup_stm32f407xx.s:112: Error: bad instruction `dcd USART2_IRQHandler'
../EWARM/startup_stm32f407xx.s:112: Error: bad instruction `usart2'
../EWARM/startup_stm32f407xx.s:113: Error: bad instruction `dcd USART3_IRQHandler'
../EWARM/startup_stm32f407xx.s:113: Error: bad instruction `usart3'
../EWARM/startup_stm32f407xx.s:114: Error: bad instruction `dcd EXTI15_10_IRQHandler'
../EWARM/startup_stm32f407xx.s:114: Error: bad instruction `external Line[15:10]s'
../EWARM/startup_stm32f407xx.s:115: Error: bad instruction `dcd RTC_Alarm_IRQHandler'
../EWARM/startup_stm32f407xx.s:115: Error: bad instruction `rtc Alarm(A and B)through EXTI Line'
../EWARM/startup_stm32f407xx.s:116: Error: bad instruction `dcd OTG_FS_WKUP_IRQHandler'
../EWARM/startup_stm32f407xx.s:116: Error: bad instruction `usb OTG FS Wakeup through EXTI line'
../EWARM/startup_stm32f407xx.s:117: Error: bad instruction `dcd TIM8_BRK_TIM12_IRQHandler'
../EWARM/startup_stm32f407xx.s:117: Error: bad instruction `tim8 Break and TIM12'
../EWARM/startup_stm32f407xx.s:118: Error: bad instruction `dcd TIM8_UP_TIM13_IRQHandler'
../EWARM/startup_stm32f407xx.s:118: Error: bad instruction `tim8 Update and TIM13'
../EWARM/startup_stm32f407xx.s:119: Error: bad instruction `dcd TIM8_TRG_COM_TIM14_IRQHandler'
../EWARM/startup_stm32f407xx.s:119: Error: bad instruction `tim8 Trigger and Commutation and TIM14'
../EWARM/startup_stm32f407xx.s:120: Error: bad instruction `dcd TIM8_CC_IRQHandler'
../EWARM/startup_stm32f407xx.s:120: Error: bad instruction `tim8 Capture Compare'
../EWARM/startup_stm32f407xx.s:121: Error: bad instruction `dcd DMA1_Stream7_IRQHandler'
../EWARM/startup_stm32f407xx.s:121: Error: bad instruction `dma1 Stream7'
../EWARM/startup_stm32f407xx.s:122: Error: bad instruction `dcd FSMC_IRQHandler'
../EWARM/startup_stm32f407xx.s:122: Error: bad instruction `fsmc'
../EWARM/startup_stm32f407xx.s:123: Error: bad instruction `dcd SDIO_IRQHandler'
../EWARM/startup_stm32f407xx.s:123: Error: bad instruction `sdio'
../EWARM/startup_stm32f407xx.s:124: Error: bad instruction `dcd TIM5_IRQHandler'
../EWARM/startup_stm32f407xx.s:124: Error: bad instruction `tim5'
../EWARM/startup_stm32f407xx.s:125: Error: bad instruction `dcd SPI3_IRQHandler'
../EWARM/startup_stm32f407xx.s:125: Error: bad instruction `spi3'
../EWARM/startup_stm32f407xx.s:126: Error: bad instruction `dcd UART4_IRQHandler'
../EWARM/startup_stm32f407xx.s:126: Error: bad instruction `uart4'
../EWARM/startup_stm32f407xx.s:127: Error: bad instruction `dcd UART5_IRQHandler'
../EWARM/startup_stm32f407xx.s:127: Error: bad instruction `uart5'
../EWARM/startup_stm32f407xx.s:128: Error: bad instruction `dcd TIM6_DAC_IRQHandler'
../EWARM/startup_stm32f407xx.s:128: Error: bad instruction `tim6 and DAC1&2 underrun errors'
../EWARM/startup_stm32f407xx.s:129: Error: bad instruction `dcd TIM7_IRQHandler'
../EWARM/startup_stm32f407xx.s:129: Error: bad instruction `tim7'
../EWARM/startup_stm32f407xx.s:130: Error: bad instruction `dcd DMA2_Stream0_IRQHandler'
../EWARM/startup_stm32f407xx.s:130: Error: bad instruction `dma2 Stream 0'
../EWARM/startup_stm32f407xx.s:131: Error: bad instruction `dcd DMA2_Stream1_IRQHandler'
../EWARM/startup_stm32f407xx.s:131: Error: bad instruction `dma2 Stream 1'
../EWARM/startup_stm32f407xx.s:132: Error: bad instruction `dcd DMA2_Stream2_IRQHandler'
../EWARM/startup_stm32f407xx.s:132: Error: bad instruction `dma2 Stream 2'
../EWARM/startup_stm32f407xx.s:133: Error: bad instruction `dcd DMA2_Stream3_IRQHandler'
../EWARM/startup_stm32f407xx.s:133: Error: bad instruction `dma2 Stream 3'
../EWARM/startup_stm32f407xx.s:134: Error: bad instruction `dcd DMA2_Stream4_IRQHandler'
../EWARM/startup_stm32f407xx.s:134: Error: bad instruction `dma2 Stream 4'
../EWARM/startup_stm32f407xx.s:135: Error: bad instruction `dcd ETH_IRQHandler'
../EWARM/startup_stm32f407xx.s:135: Error: bad instruction `ethernet'
../EWARM/startup_stm32f407xx.s:136: Error: bad instruction `dcd ETH_WKUP_IRQHandler'
../EWARM/startup_stm32f407xx.s:136: Error: bad instruction `ethernet Wakeup through EXTI line'
../EWARM/startup_stm32f407xx.s:137: Error: bad instruction `dcd CAN2_TX_IRQHandler'
../EWARM/startup_stm32f407xx.s:137: Error: bad instruction `can2 TX'
../EWARM/startup_stm32f407xx.s:138: Error: bad instruction `dcd CAN2_RX0_IRQHandler'
../EWARM/startup_stm32f407xx.s:138: Error: bad instruction `can2 RX0'
../EWARM/startup_stm32f407xx.s:139: Error: bad instruction `dcd CAN2_RX1_IRQHandler'
../EWARM/startup_stm32f407xx.s:139: Error: bad instruction `can2 RX1'
../EWARM/startup_stm32f407xx.s:140: Error: bad instruction `dcd CAN2_SCE_IRQHandler'
../EWARM/startup_stm32f407xx.s:140: Error: bad instruction `can2 SCE'
../EWARM/startup_stm32f407xx.s:141: Error: bad instruction `dcd OTG_FS_IRQHandler'
../EWARM/startup_stm32f407xx.s:141: Error: bad instruction `usb OTG FS'
../EWARM/startup_stm32f407xx.s:142: Error: bad instruction `dcd DMA2_Stream5_IRQHandler'
../EWARM/startup_stm32f407xx.s:142: Error: bad instruction `dma2 Stream 5'
../EWARM/startup_stm32f407xx.s:143: Error: bad instruction `dcd DMA2_Stream6_IRQHandler'
../EWARM/startup_stm32f407xx.s:143: Error: bad instruction `dma2 Stream 6'
../EWARM/startup_stm32f407xx.s:144: Error: bad instruction `dcd DMA2_Stream7_IRQHandler'
../EWARM/startup_stm32f407xx.s:144: Error: bad instruction `dma2 Stream 7'
../EWARM/startup_stm32f407xx.s:145: Error: bad instruction `dcd USART6_IRQHandler'
../EWARM/startup_stm32f407xx.s:145: Error: bad instruction `usart6'
../EWARM/startup_stm32f407xx.s:146: Error: bad instruction `dcd I2C3_EV_IRQHandler'
../EWARM/startup_stm32f407xx.s:146: Error: bad instruction `i2c3 event'
../EWARM/startup_stm32f407xx.s:147: Error: bad instruction `dcd I2C3_ER_IRQHandler'
../EWARM/startup_stm32f407xx.s:147: Error: bad instruction `i2c3 error'
../EWARM/startup_stm32f407xx.s:148: Error: bad instruction `dcd OTG_HS_EP1_OUT_IRQHandler'
../EWARM/startup_stm32f407xx.s:148: Error: bad instruction `usb OTG HS End Point 1 Out'
../EWARM/startup_stm32f407xx.s:149: Error: bad instruction `dcd OTG_HS_EP1_IN_IRQHandler'
../EWARM/startup_stm32f407xx.s:149: Error: bad instruction `usb OTG HS End Point 1 In'
../EWARM/startup_stm32f407xx.s:150: Error: bad instruction `dcd OTG_HS_WKUP_IRQHandler'
../EWARM/startup_stm32f407xx.s:150: Error: bad instruction `usb OTG HS Wakeup through EXTI'
../EWARM/startup_stm32f407xx.s:151: Error: bad instruction `dcd OTG_HS_IRQHandler'
../EWARM/startup_stm32f407xx.s:151: Error: bad instruction `usb OTG HS'
../EWARM/startup_stm32f407xx.s:152: Error: bad instruction `dcd DCMI_IRQHandler'
../EWARM/startup_stm32f407xx.s:152: Error: bad instruction `dcmi'
../EWARM/startup_stm32f407xx.s:153: Error: bad instruction `dcd 0'
../EWARM/startup_stm32f407xx.s:153: Error: bad instruction `reserved'
../EWARM/startup_stm32f407xx.s:154: Error: bad instruction `dcd HASH_RNG_IRQHandler'
../EWARM/startup_stm32f407xx.s:154: Error: bad instruction `hash and RNG'
../EWARM/startup_stm32f407xx.s:155: Error: bad instruction `dcd FPU_IRQHandler'
../EWARM/startup_stm32f407xx.s:155: Error: bad instruction `fpu'
../EWARM/startup_stm32f407xx.s:159: Error: bad instruction `default interrupt handlers.'
../EWARM/startup_stm32f407xx.s:161: Error: bad instruction `thumb'
../EWARM/startup_stm32f407xx.s:162: Error: bad instruction `pubweak Reset_Handler'
../EWARM/startup_stm32f407xx.s:163: Error: bad instruction `section .text:CODE:REORDER:NOROOT(2)'
../EWARM/startup_stm32f407xx.s:164: Error: bad instruction `reset_handler'
../EWARM/startup_stm32f407xx.s:171: Error: bad instruction `pubweak NMI_Handler'
../EWARM/startup_stm32f407xx.s:172: Error: bad instruction `section .text:CODE:REORDER:NOROOT(1)'
../EWARM/startup_stm32f407xx.s:173: Error: bad instruction `nmi_handler'
../EWARM/startup_stm32f407xx.s:176: Error: bad instruction `pubweak HardFault_Handler'
../EWARM/startup_stm32f407xx.s:177: Error: bad instruction `section .text:CODE:REORDER:NOROOT(1)'
../EWARM/startup_stm32f407xx.s:178: Error: bad instruction `hardfault_handler'
../EWARM/startup_stm32f407xx.s:181: Error: bad instruction `pubweak MemManage_Handler'
../EWARM/startup_stm32f407xx.s:182: Error: bad instruction `section .text:CODE:REORDER:NOROOT(1)'
../EWARM/startup_stm32f407xx.s:183: Error: bad instruction `memmanage_handler'
../EWARM/startup_stm32f407xx.s:186: Error: bad instruction `pubweak BusFault_Handler'
../EWARM/startup_stm32f407xx.s:187: Error: bad instruction `section .text:CODE:REORDER:NOROOT(1)'
../EWARM/startup_stm32f407xx.s:188: Error: bad instruction `busfault_handler'
../EWARM/startup_stm32f407xx.s:191: Error: bad instruction `pubweak UsageFault_Handler'
../EWARM/startup_stm32f407xx.s:192: Error: bad instruction `section .text:CODE:REORDER:NOROOT(1)'
../EWARM/startup_stm32f407xx.s:193: Error: bad instruction `usagefault_handler'
../EWARM/startup_stm32f407xx.s:196: Error: bad instruction `pubweak SVC_Handler'
../EWARM/startup_stm32f407xx.s:197: Error: bad instruction `section .text:CODE:REORDER:NOROOT(1)'
../EWARM/startup_stm32f407xx.s:198: Error: bad instruction `svc_handler'
../EWARM/startup_stm32f407xx.s:201: Error: bad instruction `pubweak DebugMon_Handler'
../EWARM/startup_stm32f407xx.s:202: Error: bad instruction `section .text:CODE:REORDER:NOROOT(1)'
../EWARM/startup_stm32f407xx.s:203: Error: bad instruction `debugmon_handler'
../EWARM/startup_stm32f407xx.s:206: Error: bad instruction `pubweak PendSV_Handler'
../EWARM/startup_stm32f407xx.s:207: Error: bad instruction `section .text:CODE:REORDER:NOROOT(1)'
../EWARM/startup_stm32f407xx.s:208: Error: bad instruction `pendsv_handler'
../EWARM/startup_stm32f407xx.s:211: Error: bad instruction `pubweak SysTick_Handler'
../EWARM/startup_stm32f407xx.s:212: Error: bad instruction `section .text:CODE:REORDER:NOROOT(1)'
../EWARM/startup_stm32f407xx.s:213: Error: bad instruction `systick_handler'
../EWARM/startup_stm32f407xx.s:216: Error: bad instruction `pubweak WWDG_IRQHandler'
../EWARM/startup_stm32f407xx.s:217: Error: bad instruction `section .text:CODE:REORDER:NOROOT(1)'
../EWARM/startup_stm32f407xx.s:218: Error: bad instruction `wwdg_irqhandler'
../EWARM/startup_stm32f407xx.s:221: Error: bad instruction `pubweak PVD_IRQHandler'
../EWARM/startup_stm32f407xx.s:222: Error: bad instruction `section .text:CODE:REORDER:NOROOT(1)'
../EWARM/startup_stm32f407xx.s:223: Error: bad instruction `pvd_irqhandler'
../EWARM/startup_stm32f407xx.s:226: Error: bad instruction `pubweak TAMP_STAMP_IRQHandler'
../EWARM/startup_stm32f407xx.s:227: Error: bad instruction `section .text:CODE:REORDER:NOROOT(1)'
../EWARM/startup_stm32f407xx.s:228: Error: bad instruction `tamp_stamp_irqhandler'
../EWARM/startup_stm32f407xx.s:231: Error: bad instruction `pubweak RTC_WKUP_IRQHandler'
../EWARM/startup_stm32f407xx.s:232: Error: bad instruction `section .text:CODE:REORDER:NOROOT(1)'
../EWARM/startup_stm32f407xx.s:233: Error: bad instruction `rtc_wkup_irqhandler'
../EWARM/startup_stm32f407xx.s:236: Error: bad instruction `pubweak FLASH_IRQHandler'
../EWARM/startup_stm32f407xx.s:237: Error: bad instruction `section .text:CODE:REORDER:NOROOT(1)'
../EWARM/startup_stm32f407xx.s:238: Error: bad instruction `flash_irqhandler'
../EWARM/startup_stm32f407xx.s:241: Error: bad instruction `pubweak RCC_IRQHandler'
../EWARM/startup_stm32f407xx.s:242: Error: bad instruction `section .text:CODE:REORDER:NOROOT(1)'
../EWARM/startup_stm32f407xx.s:243: Error: bad instruction `rcc_irqhandler'
../EWARM/startup_stm32f407xx.s:246: Error: bad instruction `pubweak EXTI0_IRQHandler'
../EWARM/startup_stm32f407xx.s:247: Error: bad instruction `section .text:CODE:REORDER:NOROOT(1)'
../EWARM/startup_stm32f407xx.s:248: Error: bad instruction `exti0_irqhandler'
../EWARM/startup_stm32f407xx.s:251: Error: bad instruction `pumake: *** [Drivers/STM32F4xx_HAL_Driver/Src/subdir.mk:298: Drivers/STM32F4xx_HAL_Driver/Src/stm32f4xx_hal.o] Error 1
bweak EXTI1_IRQHandler'
../EWARM/startup_stm32f407xx.s:252: Error: bad instruction `section .text:CODE:REORDER:NOROOT(1)'
../EWARM/startup_stm32f407xx.s:253: Error: bad instruction `exti1_irqhandler'
../EWARM/startup_stm32f407xx.s:256: Error: bad instruction `pubweak EXTI2_IRQHandler'
../EWARM/startup_stm32f407xx.s:257: Error: bad instruction `section .text:CODE:REORDER:NOROOT(1)'
../EWARM/startup_stm32f407xx.s:258: Error: bad instruction `exti2_irqhandler'
../EWARM/startup_stm32f407xx.s:261: Error: bad instruction `pubweak EXTI3_IRQHandler'
../EWARM/startup_stm32f407xx.s:262: Error: bad instruction `section .text:CODE:REORDER:NOROOT(1)'
../EWARM/startup_stm32f407xx.s:263: Error: bad instruction `exti3_irqhandler'
../EWARM/startup_stm32f407xx.s:266: Error: bad instruction `pubweak EXTI4_IRQHandler'
../EWARM/startup_stm32f407xx.s:267: Error: bad instruction `section .text:CODE:REORDER:NOROOT(1)'
../EWARM/startup_stm32f407xx.s:268: Error: bad instruction `exti4_irqhandler'
../EWARM/startup_stm32f407xx.s:271: Error: bad instruction `pubweak DMA1_Stream0_IRQHandler'
../EWARM/startup_stm32f407xx.s:272: Error: bad instruction `section .text:CODE:REORDER:NOROOT(1)'
../EWARM/startup_stm32f407xx.s:273: Error: bad instruction `dma1_stream0_irqhandler'
../EWARM/startup_stm32f407xx.s:276: Error: bad instruction `pubweak DMA1_Stream1_IRQHandler'
../EWARM/startup_stm32f407xx.s:277: Error: bad instruction `section .text:CODE:REORDER:NOROOT(1)'
../EWARM/startup_stm32f407xx.s:278: Error: bad instruction `dma1_stream1_irqhandler'
../EWARM/startup_stm32f407xx.s:281: Error: bad instruction `pubweak DMA1_Stream2_IRQHandler'
../EWARM/startup_stm32f407xx.s:282: Error: bad instruction `section .text:CODE:REORDER:NOROOT(1)'
../EWARM/startup_stm32f407xx.s:283: Error: bad instruction `dma1_stream2_irqhandler'
../EWARM/startup_stm32f407xx.s:286: Error: bad instruction `pubweak DMA1_Stream3_IRQHandler'
../EWARM/startup_stm32f407xx.s:287: Error: bad instruction `section .text:CODE:REORDER:NOROOT(1)'
../EWARM/startup_stm32f407xx.s:288: Error: bad instruction `dma1_stream3_irqhandler'
../EWARM/startup_stm32f407xx.s:291: Error: bad instruction `pubweak DMA1_Stream4_IRQHandler'
../EWARM/startup_stm32f407xx.s:292: Error: bad instruction `section .text:CODE:REORDER:NOROOT(1)'
../EWARM/startup_stm32f407xx.s:293: Error: bad instruction `dma1_stream4_irqhandler'
../EWARM/startup_stm32f407xx.s:296: Error: bad instruction `pubweak DMA1_Stream5_IRQHandler'
../EWARM/startup_stm32f407xx.s:297: Error: bad instruction `section .text:CODE:REORDER:NOROOT(1)'
../EWARM/startup_stm32f407xx.s:298: Error: bad instruction `dma1_stream5_irqhandler'
../EWARM/startup_stm32f407xx.s:301: Error: bad instruction `pubweak DMA1_Stream6_IRQHandler'
../EWARM/startup_stm32f407xx.s:302: Error: bad instruction `section .text:CODE:REORDER:NOROOT(1)'
../EWARM/startup_stm32f407xx.s:303: Error: bad instruction `dma1_stream6_irqhandler'
../EWARM/startup_stm32f407xx.s:306: Error: bad instruction `pubweak ADC_IRQHandler'
../EWARM/startup_stm32f407xx.s:307: Error: bad instruction `section .text:CODE:REORDER:NOROOT(1)'
../EWARM/startup_stm32f407xx.s:308: Error: bad instruction `adc_irqhandler'
../EWARM/startup_stm32f407xx.s:311: Error: bad instruction `pubweak CAN1_TX_IRQHandler'
../EWARM/startup_stm32f407xx.s:312: Error: bad instruction `section .text:CODE:REORDER:NOROOT(1)'
../EWARM/startup_stm32f407xx.s:313: Error: bad instruction `can1_tx_irqhandler'
../EWARM/startup_stm32f407xx.s:316: Error: bad instruction `pubweak CAN1_RX0_IRQHandler'
../EWARM/startup_stm32f407xx.s:317: Error: bad instruction `section .text:CODE:REORDER:NOROOT(1)'
../EWARM/startup_stm32f407xx.s:318: Error: bad instruction `can1_rx0_irqhandler'
../EWARM/startup_stm32f407xx.s:321: Error: bad instruction `pubweak CAN1_RX1_IRQHandler'
../EWARM/startup_stm32f407xx.s:322: Error: bad instruction `section .text:CODE:REORDER:NOROOT(1)'
../EWARM/startup_stm32f407xx.s:323: Error: bad instruction `can1_rx1_irqhandler'
../EWARM/startup_stm32f407xx.s:326: Error: bad instruction `pubweak CAN1_SCE_IRQHandler'
../EWARM/startup_stm32f407xx.../Drivers/STM32F4xx_HAL_Driver/Src/stm32f4xx_hal_adc.c:248:10: fatal error: stm32f4xx_hal.h: No such file or directory
  248 | #include "stm32f4xx_hal.h"
      |          ^~~~~~~~~~~~~~~~~
compilation terminated.
s:327: Error: bad instruction `section .text:CODE:REORDER:NOROOT(1)'
../EWARM/startup_stm32f407xx.s:328: Error: bad instruction `can1_sce_irqhandler'
../EWARM/startup_stm32f407xx.s:331: Error: bad instruction `pubweak EXTI9_5_IRQHandler'
../EWARM/startup_stm32f407xx.s:332: Error: bad instruction `section .text:CODE:REORDER:NOROOT(1)'
../EWARM/startup_stm32f407xx.s:333: Error: bad instruction `exti9_5_irqhandler'
../EWARM/startup_stm32f407xx.s:336: Error: bad instruction `pubweak TIM1_BRK_TIM9_IRQHandler'
../EWARM/startup_stm32f407xx.s:337: Error: bad instruction `section .text:CODE:REORDER:NOROOT(1)'
../EWARM/startup_stm32f407xx.s:338: Error: bad instruction `tim1_brk_tim9_irqhandler'
../EWARM/startup_stm32f407xx.s:341: Error: bad instruction `pubweak TIM1_UP_TIM10_IRQHandler'
../EWARM/startup_stm32f407xx.s:342: Error: bad instruction `section .text:CODE:REORDER:NOROOT(1)'
../EWARM/startup_stm32f407xx.s:343: Error: bad instruction `tim1_up_tim10_irqhandler'
../EWARM/startup_stm32f407xx.s:346: Error: bad instruction `pubweak TIM1_TRG_COM_TIM11_IRQHandler'
../EWARM/startup_stm32f407xx.s:347: Error: bad instruction `section .text:CODE:REORDER:NOROOT(1)'
../EWARM/startup_stm32f407xx.s:348: Error: bad instruction `tim1_trg_com_tim11_irqhandler'
../EWARM/startup_stm32f407xx.s:351: Error: bad instruction `pubweak TIM1_CC_IRQHandler'
../EWARM/startup_stm32f407xx.s:352: Error: bad instruction `section .text:CODE:REORDER:NOROOT(1)'
../EWARM/startup_stm32f407xx.s:353: Error: bad instruction `tim1_cc_irqhandler'
../EWARM/startup_stm32f407xx.s:356: Error: bad instruction `pubweak TIM2_IRQHandler'
../EWARM/startup_stm32f407xx.s:357: Error: bad instruction `section .text:CODE:REORDER:NOROOT(1)'
../EWARM/startup_stm32f407xx.s:358: Error: bad instruction `tim2_irqhandler'
../EWARM/startup_stm32f407xx.s:361: Error: bad instruction `pubweak TIM3_IRQHandler'
../EWARM/startup_stm32f407xx.s:362: Error: bad instruction `section .text:CODE:REORDER:NOROOT(1)'
../EWARM/startup_stm32f407xx.s:363: Error: bad instruction `tim3_irqhandler'
../EWARM/startup_stm32f407xx.s:366: Error: bad instruction `pubweak TIM4_IRQHandler'
../EWARM/startup_stm32f407xx.s:367: Error: bad instruction `section .text:CODE:REORDER:NOROOT(1)'
../EWARM/startup_stm32f407xx.s:368: Error: bad instruction `tim4_irqhandler'
../EWARM/startup_stm32f407xx.s:371: Error: bad instruction `pubweak I2C1_EV_IRQHandler'
../EWARM/startup_stm32f407xx.s:372: Error: bad instruction `section .text:CODE:REORDER:NOROOT(1)'
../EWARM/startup_stm32f407xx.s:373: Error: bad instruction `i2c1_ev_irqhandler'
../EWARM/startup_stm32f407xx.s:376: Error: bad instruction `pubweak I2C1_ER_IRQHandler'
../EWARM/startup_stm32f407xx.s:377: Error: bad instruction `section .text:CODE:REORDER:NOROOT(1)'
../EWARM/startup_stm32f407xx.s:378: Error: bad instruction `i2c1_er_irqhandler'
../EWARM/startup_stm32f407xx.s:381: Error: bad instruction `pubweak I2C2_EV_IRQHandler'
../EWARM/startup_stm32f407xx.s:382: Error: bad instruction `section .text:CODE:REORDER:NOROOT(1)'
../EWARM/startup_stm32f407xx.s:383: Error: bad instruction `i2c2_ev_irqhandler'
../EWARM/startup_stm32f407xx.s:386: Error: bad instruction `pubweak I2C2_ER_IRQHandler'
../EWARM/startup_stm32f407xx.s:387: Error: bad instruction `section .text:CODE:REORDER:NOROOT(1)'
../EWARM/startup_stm32f407xx.s:388: Error: bad instruction `i2c2_er_irqhandler'
../EWARM/startup_stm32f407xx.s:391: Error: bad instruction `pubweak SPI1_IRQHandler'
../EWARM/startup_stm32f407xx.s:392: Error: bad instruction `section .text:CODE:REORDER:NOROOT(1)'
../EWARM/startup_stm32f407xx.s:393: Error: bad instruction `spi1_irqhandler'
../EWARM/startup_stm32f407xx.s:396: Error: bad instruction `pubweak SPI2_IRQHandler'
../EWARM/startup_stm32f407xx.s:397: Error: bad instruction `section .text:CODE:REORDER:NOROOT(1)'
../EWARM/startup_stm32f407xx.s:398: Error: bad instruction `spi2_irqhandler'
../EWARM/startup_stm32f407xx.s:401: Error: bad instruction `pubweak USART1_IRQHandler'
../EWARM/startup_stm32f407xx.s:402: Error: bad instruction `section .text:CODE:REORDER:NOROOT(1)'
../EWARM/startup_stm3make: *** Waiting for unfinished jobs....
2f407xx.s:403: Error: bad instruction `usart1_irqhandler'
../EWARM/startup_stm32f407xx.s:406: Error: bad instruction `pubweak USART2_IRQHandler'
../EWARM/startup_stm32f407xx.s:407: Error: bad instruction `section .text:CODE:REORDER:NOROOT(1)'
../EWARM/startup_stm32f407xx.s:408: Error: bad instruction `usart2_irqhandler'
../EWARM/startup_stm32f407xx.s:411: Error: bad instruction `pubweak USART3_IRQHandler'
../EWARM/startup_stm32f407xx.s:412: Error: bad instruction `section .text:CODE:REORDER:NOROOT(1)'
../EWARM/startup_stm32f407xx.s:413: Error: bad instruction `usart3_irqhandler'
../EWARM/startup_stm32f407xx.s:416: Error: bad instruction `pubweak EXTI15_10_IRQHandler'
../EWARM/startup_stm32f407xx.s:417: Error: bad instruction `section .text:CODE:REORDER:NOROOT(1)'
../EWARM/startup_stm32f407xx.s:418: Error: bad instruction `exti15_10_irqhandler'
../EWARM/startup_stm32f407xx.s:421: Error: bad instruction `pubweak RTC_Alarm_IRQHandler'
../EWARM/startup_stm32f407xx.s:422: Error: bad instruction `section .text:CODE:REORDER:NOROOT(1)'
../EWARM/startup_stm32f407xx.s:423: Error: bad instruction `rtc_alarm_irqhandler'
../EWARM/startup_stm32f407xx.s:426: Error: bad instruction `pubweak OTG_FS_WKUP_IRQHandler'
../EWARM/startup_stm32f407xx.s:427: Error: bad instruction `section .text:CODE:REORDER:NOROOT(1)'
../EWARM/startup_stm32f407xx.s:428: Error: bad instruction `otg_fs_wkup_irqhandler'
../EWARM/startup_stm32f407xx.s:431: Error: bad instruction `pubweak TIM8_BRK_TIM12_IRQHandler'
../EWARM/startup_stm32f407xx.s:432: Error: bad instruction `section .text:CODE:REORDER:NOROOT(1)'
../EWARM/startup_stm32f407xx.s:433: Error: bad instruction `tim8_brk_tim12_irqhandler'
../EWARM/startup_stm32f407xx.s:436: Error: bad instruction `pubweak TIM8_UP_TIM13_IRQHandler'
../EWARM/startup_stm32f407xx.s:437: Error: bad instruction `section .text:CODE:REORDER:NOROOT(1)'
../EWARM/startup_stm32f407xx.s:438: Error: bad instruction `tim8_up_tim13_irqhandler'
../EWARM/startup_stm32f407xx.s:441: Error: bad instruction `pubweak TIM8_TRG_COM_TIM14_IRQHandler'
../EWARM/startup_stm32f407xx.s:442: Error: bad instruction `section .text:CODE:REORDER:NOROOT(1)'
../EWARM/startup_stm32f407xx.s:443: Error: bad instruction `tim8_trg_com_tim14_irqhandler'
../EWARM/startup_stm32f407xx.s:446: Error: bad instruction `pubweak TIM8_CC_IRQHandler'
../EWARM/startup_stm32f407xx.s:447: Error: bad instruction `section .text:CODE:REORDER:NOROOT(1)'
../EWARM/startup_stm32f407xx.s:448: Error: bad instruction `tim8_cc_irqhandler'
../EWARM/startup_stm32f407xx.s:451: Error: bad instruction `pubweak DMA1_Stream7_IRQHandler'
../EWARM/startup_stm32f407xx.s:452: Error: bad instruction `section .text:CODE:REORDER:NOROOT(1)'
../EWARM/startup_stm32f407xx.s:453: Error: bad instruction `dma1_stream7_irqhandler'
../EWARM/startup_stm32f407xx.s:456: Error: bad instruction `pubweak FSMC_IRQHandler'
../EWARM/startup_stm32f407xx.s:457: Error: bad instruction `section .text:CODE:REORDER:NOROOT(1)'
../EWARM/startup_stm32f407xx.s:458: Error: bad instruction `fsmc_irqhandler'
../EWARM/startup_stm32f407xx.s:461: Error: bad instruction `pubweak SDIO_IRQHandler'
../EWARM/startup_stm32f407xx.s:462: Error: bad instruction `section .text:CODE:REORDER:NOROOT(1)'
../EWARM/startup_stm32f407xx.s:463: Error: bad instruction `sdio_irqhandler'
../EWARM/startup_stm32f407xx.s:466: Error: bad instruction `pubweak TIM5_IRQHandler'
../EWARM/startup_stm32f407xx.s:467: Error: bad instruction `section .text:CODE:REORDER:NOROOT(1)'
../EWARM/startup_stm32f407xx.s:468: Error: bad instruction `tim5_irqhandler'
../EWARM/startup_stm32f407xx.s:471: Error: bad instruction `pubweak SPI3_IRQHandler'
../EWARM/startup_stm32f407xx.s:472: Error: bad instruction `section .text:CODE:REORDER:NOROOT(1)'
../EWARM/startup_stm32f407xx.s:473: Error: bad instruction `spi3_irqhandler'
../EWARM/startup_stm32f407xx.s:476: Error: bad instruction `pubweak UART4_IRQHandler'
../EWARM/startup_stm32f407xx.s:477: Error: bad instruction `section .text:CODE:REORDER:NOROOT(1)'
../EWARM/startup_stm32f407xx.s:478: Error: bad instruction `uart4_irqhandler'
../EWA../X-CUBE-AI/App/app_x-cube-ai.c:55:10: fatal error: main.h: No such file or directory
   55 | #include "main.h"
      |          ^~~~~~~~
../Drivers/STM32F4xx_HAL_Driver/Src/stm32f4xx_hal_adc_ex.c:86:10: fatal error: stm32f4xx_hal.h: No such file or directory
   86 | #include "stm32f4xx_hal.h"
      |          ^~~~~~~~~~~~~~~~~
../Drivers/STM32F4xx_HAL_Driver/Src/stm32f4xx_hal_can.c:213:10: fatal error: stm32f4xx_hal.h: No such file or directory
  213 | #include "stm32f4xx_hal.h"
      |          ^~~~~~~~~~~~~~~~~
make: *** [Drivers/STM32F4xx_HAL_Driver/Src/subdir.mk:298: Drivers/STM32F4xx_HAL_Driver/Src/stm32f4xx_hal_adc.o] Error 1
RM/startup_stm32f407xx.s:481: Error: bad instruction `pubweak UART5_IRQHandler'
../EWARM/startup_stm32f407xx.s:482: Error: bad instruction `section .text:CODE:REORDER:NOROOT(1)'
../EWARM/startup_stm32f407xx.s:483: Error: bad instruction `uart5_irqhandler'
../EWARM/startup_stm32f407xx.s:486: Error: bad instruction `pubweak TIM6_DAC_IRQHandler'
../EWARM/startup_stm32f407xx.s:487: Error: bad instruction `section .text:CODE:REORDER:NOROOT(1)'
../EWARM/startup_stm32f407xx.s:488: Error: bad instruction `tim6_dac_irqhandler'
../EWARM/startup_stm32f407xx.s:491: Error: bad instruction `pubweak TIM7_IRQHandler'
../EWARM/startup_stm32f407xx.s:492: Error: bad instruction `section .text:CODE:REORDER:NOROOT(1)'
../EWARM/startup_stm32f407xx.s:493: Error: bad instruction `tim7_irqhandler'
../EWARM/startup_stm32f407xx.s:496: Error: bad instruction `pubweak DMA2_Stream0_IRQHandler'
../EWARM/startup_stm32f407xx.s:497: Error: bad instruction `section .text:CODE:REORDER:NOROOT(1)'
../EWARM/startup_stm32f407xx.s:498: Error: bad instruction `dma2_stream0_irqhandler'
../EWARM/startup_stm32f407xx.s:501: Error: bad instruction `pubweak DMA2_Stream1_IRQHandler'
../EWARM/startup_stm32f407xx.s:502: Error: bad instruction `section .text:CODE:REORDER:NOROOT(1)'
../EWARM/startup_stm32f407xx.s:503: Error: bad instruction `dma2_stream1_irqhandler'
../EWARM/startup_stm32f407xx.s:506: Error: bad instruction `pubweak DMA2_Stream2_IRQHandler'
../EWARM/startup_stm32f407xx.s:507: Error: bad instruction `section .text:CODE:REORDER:NOROOT(1)'
../EWARM/startup_stm32f407xx.s:508: Error: bad instruction `dma2_stream2_irqhandler'
../EWARM/startup_stm32f407xx.s:511: Error: bad instruction `pubweak DMA2_Stream3_IRQHandler'
../EWARM/startup_stm32f407xx.s:512: Error: bad instruction `section .text:CODE:REORDER:NOROOT(1)'
../EWARM/startup_stm32f407xx.s:513: Error: bad instruction `dma2_stream3_irqhandler'
../EWARM/startup_stm32f407xx.s:516: Error: bad instruction `pubweak DMA2_Stream4_IRQHandler'
../EWARM/startup_stm32f407xx.s:517: Error: bad instruction `section .text:CODE:REORDER:NOROOT(1)'
../EWARM/startup_stm32f407xx.s:518: Error: bad instruction `dma2_stream4_irqhandler'
../EWARM/startup_stm32f407xx.s:521: Error: bad instruction `pubweak ETH_IRQHandler'
../EWARM/startup_stm32f407xx.s:522: Error: bad instruction `section .text:CODE:REORDER:NOROOT(1)'
../EWARM/startup_stm32f407xx.s:523: Error: bad instruction `eth_irqhandler'
../EWARM/startup_stm32f407xx.s:526: Error: bad instruction `pubweak ETH_WKUP_IRQHandler'
../EWARM/startup_stm32f407xx.s:527: Error: bad instruction `section .text:CODE:REORDER:NOROOT(1)'
../EWARM/startup_stm32f407xx.s:528: Error: bad instruction `eth_wkup_irqhandler'
../EWARM/startup_stm32f407xx.s:531: Error: bad instruction `pubweak CAN2_TX_IRQHandler'
../EWARM/startup_stm32f407xx.s:532: Error: bad instruction `section .text:CODE:REORDER:NOROOT(1)'
../EWARM/startup_stm32f407xx.s:533: Error: bad instruction `can2_tx_irqhandler'
../EWARM/startup_stm32f407xx.s:536: Error: bad instruction `pubweak CAN2_RX0_IRQHandler'
../EWARM/startup_stm32f407xx.s:537: Error: bad instruction `section .text:CODE:REORDER:NOROOT(1)'
../EWARM/startup_stm32f407xx.s:538: Error: bad instruction `can2_rx0_irqhandler'
../EWARM/startup_stm32f407xx.s:541: Error: bad instruction `pubweak CAN2_RX1_IRQHandler'
../EWARM/startup_stm32f407xx.s:542: Error: bad instruction `section .text:CODE:REORDER:NOROOT(1)'
../EWARM/startup_stm32f407xx.s:543: Error: bad instruction `can2_rx1_irqhandler'
../EWARM/startup_stm32f407xx.s:546: Error: bad instruction `pubweak CAN2_SCE_IRQHandler'
../EWARM/startup_stm32f407xx.s:547: Error: bad instruction `section .text:CODE:REORDER:NOROOT(1)'
../EWARM/startup_stm32f407xx.s:548: Error: bad instruction `can2_sce_irqhandler'
../EWARM/startup_stm32f407xx.s:551: Error: bad instruction `pubweak OTG_FS_IRQHandler'
../EWARM/startup_stm32f407xx.s:552: Error: bad instruction `section .text:CODE:REORDER:NOROOT(1)'
../EWARM/startup_stm32f407xx.s:553: Error: bad instruction `otg_fs_irqhandler'
../EWARM/startup_stm32f407xx.s:556: Error: bad instruction `pubweak DMA2compilation terminated.
compilation terminated.
compilation terminated.
_Stream5_IRQHandler'
../EWARM/startup_stm32f407xx.s:557: Error: bad instruction `section .text:CODE:REORDER:NOROOT(1)'
../EWARM/startup_stm32f407xx.s:558: Error: bad instruction `dma2_stream5_irqhandler'
../EWARM/startup_stm32f407xx.s:561: Error: bad instruction `pubweak DMA2_Stream6_IRQHandler'
../EWARM/startup_stm32f407xx.s:562: Error: bad instruction `section .text:CODE:REORDER:NOROOT(1)'
../EWARM/startup_stm32f407xx.s:563: Error: bad instruction `dma2_stream6_irqhandler'
../EWARM/startup_stm32f407xx.s:566: Error: bad instruction `pubweak DMA2_Stream7_IRQHandler'
../EWARM/startup_stm32f407xx.s:567: Error: bad instruction `section .text:CODE:REORDER:NOROOT(1)'
../EWARM/startup_stm32f407xx.s:568: Error: bad instruction `dma2_stream7_irqhandler'
../EWARM/startup_stm32f407xx.s:571: Error: bad instruction `pubweak USART6_IRQHandler'
../EWARM/startup_stm32f407xx.s:572: Error: bad instruction `section .text:CODE:REORDER:NOROOT(1)'
../EWARM/startup_stm32f407xx.s:573: Error: bad instruction `usart6_irqhandler'
../EWARM/startup_stm32f407xx.s:576: Error: bad instruction `pubweak I2C3_EV_IRQHandler'
../EWARM/startup_stm32f407xx.s:577: Error: bad instruction `section .text:CODE:REORDER:NOROOT(1)'
../EWARM/startup_stm32f407xx.s:578: Error: bad instruction `i2c3_ev_irqhandler'
../EWARM/startup_stm32f407xx.s:581: Error: bad instruction `pubweak I2C3_ER_IRQHandler'
../EWARM/startup_stm32f407xx.s:582: Error: bad instruction `section .text:CODE:REORDER:NOROOT(1)'
../EWARM/startup_stm32f407xx.s:583: Error: bad instruction `i2c3_er_irqhandler'
../EWARM/startup_stm32f407xx.s:586: Error: bad instruction `pubweak OTG_HS_EP1_OUT_IRQHandler'
../EWARM/startup_stm32f407xx.s:587: Error: bad instruction `section .text:CODE:REORDER:NOROOT(1)'
../EWARM/startup_stm32f407xx.s:588: Error: bad instruction `otg_hs_ep1_out_irqhandler'
../EWARM/startup_stm32f407xx.s:591: Error: bad instruction `pubweak OTG_HS_EP1_IN_IRQHandler'
../EWARM/startup_stm32f407xx.s:592: Error: bad instruction `section .text:CODE:REORDER:NOROOT(1)'
../EWARM/startup_stm32f407xx.s:593: Error: bad instruction `otg_hs_ep1_in_irqhandler'
../EWARM/startup_stm32f407xx.s:596: Error: bad instruction `pubweak OTG_HS_WKUP_IRQHandler'
../EWARM/startup_stm32f407xx.s:597: Error: bad instruction `section .text:CODE:REORDER:NOROOT(1)'
../EWARM/startup_stm32f407xx.s:598: Error: bad instruction `otg_hs_wkup_irqhandler'
../EWARM/startup_stm32f407xx.s:601: Error: bad instruction `pubweak OTG_HS_IRQHandler'
../EWARM/startup_stm32f407xx.s:602: Error: bad instruction `section .text:CODE:REORDER:NOROOT(1)'
../EWARM/startup_stm32f407xx.s:603: Error: bad instruction `otg_hs_irqhandler'
../EWARM/startup_stm32f407xx.s:606: Error: bad instruction `pubweak DCMI_IRQHandler'
../EWARM/startup_stm32f407xx.s:607: Error: bad instruction `section .text:CODE:REORDER:NOROOT(1)'
../EWARM/startup_stm32f407xx.s:608: Error: bad instruction `dcmi_irqhandler'
../EWARM/startup_stm32f407xx.s:611: Error: bad instruction `pubweak HASH_RNG_IRQHandler'
../EWARM/startup_stm32f407xx.s:612: Error: bad instruction `section .text:CODE:REORDER:NOROOT(1)'
../EWARM/startup_stm32f407xx.s:613: Error: bad instruction `hash_rng_irqhandler'
../EWARM/startup_stm32f407xx.s:616: Error: bad instruction `pubweak FPU_IRQHandler'
../EWARM/startup_stm32f407xx.s:617: Error: bad instruction `section .text:CODE:REORDER:NOROOT(1)'
../EWARM/startup_stm32f407xx.s:618: Error: bad instruction `fpu_irqhandler'
../EWARM/startup_stm32f407xx.s:621: Error: bad instruction `end'
../Drivers/STM32F4xx_HAL_Driver/Src/stm32f4xx_hal_cortex.c:81:10: fatal error: stm32f4xx_hal.h: No such file or directory
   81 | #include "stm32f4xx_hal.h"
      |          ^~~~~~~~~~~~~~~~~
../Drivers/STM32F4xx_HAL_Driver/Src/stm32f4xx_hal_cec.c:113:10: fatal error: stm32f4xx_hal.h: No such file or directory
  113 | #include "stm32f4xx_hal.h"
      |          ^~~~~~~~~~~~~~~~~
compilation terminated.
compilation terminated.
make: *** [Drivers/STM32F4xx_HAL_Driver/Src/subdir.mk:298: Drivers/STM32F4xx_HAL_Driver/Src/stm32f4xx_hal_adc_ex.o] Error 1
make: *** [X-CUBE-AI/App/subdir.mk:22: X-CUBE-AI/App/app_x-cube-ai.o] Error 1
make: *** [Drivers/STM32F4xx_HAL_Driver/Src/subdir.mk:298: Drivers/STM32F4xx_HAL_Driver/Src/stm32f4xx_hal_can.o] Error 1
make: *** [EWARM/subdir.mk:19: EWARM/startup_stm32f407xx.o] Error 1
make: *** [Drivers/STM32F4xx_HAL_Driver/Src/subdir.mk:298: Drivers/STM32F4xx_HAL_Driver/Src/stm32f4xx_hal_cortex.o] Error 1
make: *** [Drivers/STM32F4xx_HAL_Driver/Src/subdir.mk:298: Drivers/STM32F4xx_HAL_Driver/Src/stm32f4xx_hal_cec.o] Error 1
"make -j8 all" terminated with exit code 2. Build might be incomplete.

12:39:08 Build Failed. 531 errors, 0 warnings. (took 5s.592ms)

